PRT1
370
985
4 0 25 (582 0 224 ) (442 0 224 ) (442 0 48 ) (582 0 48 ) 
4 0 3 (442 0 193 ) (442 0 194 ) (442 392 194 ) (442 392 193 ) 
4 0 2 (442 0 194 ) (442 0 224 ) (442 392 224 ) (442 392 194 ) 
4 0 4 (442 392 48 ) (442 0 48 ) (442 0 193 ) (442 392 193 ) 
4 0 1 (442 432 224 ) (442 432 48 ) (442 392 48 ) (442 392 224 ) 
4 1 7 (414 432 48 ) (414 392 48 ) (414 392 200 ) (414 432 200 ) 
4 1 5 (414 392 200 ) (414 392 224 ) (414 432 224 ) (414 432 200 ) 
4 1 3 (414 392 194 ) (414 392 193 ) (442 392 193 ) (442 392 194 ) 
4 1 2 (414 392 224 ) (414 392 194 ) (442 392 194 ) (442 392 224 ) 
4 1 4 (414 392 193 ) (414 392 48 ) (442 392 48 ) (442 392 193 ) 
4 2 26 (442 0 224 ) (414 0 224 ) (414 0 194 ) (442 0 194 ) 
4 2 17 (414 0 194 ) (414 0 200 ) (414 304 200 ) (414 304 194 ) 
4 2 16 (414 0 200 ) (414 0 224 ) (414 304 224 ) (414 304 200 ) 
4 2 12 (414 304 224 ) (414 312 224 ) (414 312 194 ) (414 304 194 ) 
4 2 8 (414 392 200 ) (414 392 194 ) (414 370 194 ) (414 370 200 ) 
4 2 11 (414 370 194 ) (414 312 194 ) (414 312 200 ) (414 370 200 ) 
4 2 5 (414 312 224 ) (414 392 224 ) (414 392 200 ) (414 312 200 ) 
4 2 3 (414 0 194 ) (414 392 194 ) (442 392 194 ) (442 0 194 ) 
4 3 27 (414 0 194 ) (414 0 193 ) (442 0 193 ) (442 0 194 ) 
4 3 17 (414 0 193 ) (414 0 194 ) (414 304 194 ) (414 304 193 ) 
4 3 12 (414 304 194 ) (414 312 194 ) (414 312 193 ) (414 304 193 ) 
4 3 9 (414 370 194 ) (414 392 194 ) (414 392 193 ) (414 370 193 ) 
4 3 11 (414 312 194 ) (414 370 194 ) (414 370 193 ) (414 312 193 ) 
4 3 4 (414 0 193 ) (414 392 193 ) (442 392 193 ) (442 0 193 ) 
4 4 28 (414 0 193 ) (414 0 48 ) (442 0 48 ) (442 0 193 ) 
4 4 17 (414 304 48 ) (414 0 48 ) (414 0 193 ) (414 304 193 ) 
4 4 12 (414 312 48 ) (414 304 48 ) (414 304 193 ) (414 312 193 ) 
4 4 10 (414 392 48 ) (414 370 48 ) (414 370 193 ) (414 392 193 ) 
4 4 11 (414 370 48 ) (414 312 48 ) (414 312 193 ) (414 370 193 ) 
4 5 12 (414 312 200 ) (414 312 224 ) (253 312 224 ) (253 312 200 ) 
4 5 8 (253 370 200 ) (253 392 200 ) (414 392 200 ) (414 370 200 ) 
4 5 7 (253 392 200 ) (253 432 200 ) (414 432 200 ) (414 392 200 ) 
4 5 11 (414 312 200 ) (253 312 200 ) (253 370 200 ) (414 370 200 ) 
4 6 54 (0 370 224 ) (0 392 224 ) (0 392 200 ) (0 370 200 ) 
4 6 53 (0 392 224 ) (0 432 224 ) (0 432 200 ) (0 392 200 ) 
4 6 57 (0 312 224 ) (0 370 224 ) (0 370 200 ) (0 312 200 ) 
4 6 14 (225 312 224 ) (224 312 224 ) (224 312 200 ) (225 312 200 ) 
4 6 8 (0 370 200 ) (0 392 200 ) (225 392 200 ) (225 370 200 ) 
4 6 7 (0 392 200 ) (0 432 200 ) (225 432 200 ) (225 392 200 ) 
4 6 11 (225 312 200 ) (0 312 200 ) (0 370 200 ) (225 370 200 ) 
4 7 53 (0 432 200 ) (0 432 48 ) (0 392 48 ) (0 392 200 ) 
4 7 9 (414 392 193 ) (414 392 194 ) (0 392 194 ) (0 392 193 ) 
4 7 8 (414 392 194 ) (414 392 200 ) (0 392 200 ) (0 392 194 ) 
4 7 10 (0 392 48 ) (414 392 48 ) (414 392 193 ) (0 392 193 ) 
4 8 54 (0 370 194 ) (0 370 200 ) (0 392 200 ) (0 392 194 ) 
4 8 11 (414 370 194 ) (414 370 200 ) (0 370 200 ) (0 370 194 ) 
4 8 9 (414 370 194 ) (0 370 194 ) (0 392 194 ) (414 392 194 ) 
4 9 55 (0 370 193 ) (0 370 194 ) (0 392 194 ) (0 392 193 ) 
4 9 10 (414 370 193 ) (0 370 193 ) (0 392 193 ) (414 392 193 ) 
4 9 11 (414 370 193 ) (414 370 194 ) (0 370 194 ) (0 370 193 ) 
4 10 56 (0 392 48 ) (0 370 48 ) (0 370 193 ) (0 392 193 ) 
4 10 11 (0 370 48 ) (414 370 48 ) (414 370 193 ) (0 370 193 ) 
4 11 57 (0 370 48 ) (0 312 48 ) (0 312 200 ) (0 370 200 ) 
4 11 15 (104 312 48 ) (166 312 48 ) (166 312 160 ) (104 312 160 ) 
4 11 14 (224 312 48 ) (225 312 48 ) (225 312 200 ) (224 312 200 ) 
4 11 13 (225 312 48 ) (253 312 48 ) (253 312 200 ) (225 312 200 ) 
4 11 12 (253 312 48 ) (414 312 48 ) (414 312 200 ) (253 312 200 ) 
4 12 17 (253 304 48 ) (414 304 48 ) (414 304 200 ) (253 304 200 ) 
4 12 16 (414 304 200 ) (414 304 224 ) (253 304 224 ) (253 304 200 ) 
4 12 13 (253 312 200 ) (253 312 48 ) (253 304 48 ) (253 304 200 ) 
4 13 18 (225 304 48 ) (253 304 48 ) (253 304 200 ) (225 304 200 ) 
4 13 14 (225 312 200 ) (225 312 48 ) (225 304 48 ) (225 304 200 ) 
4 14 21 (224 304 48 ) (225 304 48 ) (225 304 224 ) (224 304 224 ) 
4 15 22 (104 304 48 ) (166 304 48 ) (166 304 160 ) (104 304 160 ) 
4 16 33 (347 0 224 ) (253 0 224 ) (253 0 200 ) (347 0 200 ) 
4 16 31 (407 0 224 ) (347 0 224 ) (347 0 200 ) (407 0 200 ) 
4 16 30 (414 0 224 ) (407 0 224 ) (407 0 200 ) (414 0 200 ) 
4 16 17 (253 304 200 ) (414 304 200 ) (414 0 200 ) (253 0 200 ) 
4 17 33 (253 0 48 ) (347 0 48 ) (347 0 200 ) (253 0 200 ) 
4 17 31 (347 0 48 ) (407 0 48 ) (407 0 200 ) (347 0 200 ) 
4 17 30 (407 0 48 ) (414 0 48 ) (414 0 200 ) (407 0 200 ) 
4 17 19 (253 99.963303 200 ) (253 242.682007 200 ) (253 242.682007 48 ) (253 99.963303 48 ) 
4 17 20 (253 0 200 ) (253 75.963303 200 ) (253 75.963303 48 ) (253 0 48 ) 
4 17 18 (253 266.682007 200 ) (253 304 200 ) (253 304 48 ) (253 266.682007 48 ) 
4 18 21 (225 304 200 ) (225 304 48 ) (225 266.682007 48 ) (225 266.682007 200 ) 
4 19 21 (225 242.682007 48 ) (225 99.963303 48 ) (225 99.963303 200 ) (225 242.682007 200 ) 
4 20 35 (225 0 200 ) (225 0 48 ) (253 0 48 ) (253 0 200 ) 
4 20 21 (225 75.963303 48 ) (225 0 48 ) (225 0 200 ) (225 75.963303 200 ) 
4 21 37 (225 0 224 ) (224 0 224 ) (224 0 48 ) (225 0 48 ) 
4 22 59 (0 14 224 ) (0 268 224 ) (0 268 48 ) (0 14 48 ) 
4 22 58 (0 268 224 ) (0 304 224 ) (0 304 48 ) (0 268 48 ) 
4 22 23 (216 14 174 ) (216 14 224 ) (0 14 224 ) (0 14 174 ) 
4 23 60 (0 6 224 ) (0 14 224 ) (0 14 174 ) (0 6 174 ) 
4 23 24 (216 6 174 ) (216 6 224 ) (0 6 224 ) (0 6 174 ) 
4 24 61 (0 0 48 ) (0 0 224 ) (0 6 224 ) (0 6 48 ) 
4 24 38 (216 0 224 ) (0 0 224 ) (0 0 48 ) (216 0 48 ) 
4 25 27 (442 -588 193 ) (442 -588 194 ) (442 0 194 ) (442 0 193 ) 
4 25 26 (442 -588 194 ) (442 -588 224 ) (442 0 224 ) (442 0 194 ) 
4 25 28 (442 0 48 ) (442 -588 48 ) (442 -588 193 ) (442 0 193 ) 
4 25 29 (442 -588 48 ) (442 -644 48 ) (442 -644 224 ) (442 -588 224 ) 
4 26 30 (414 -588 194 ) (414 -588 224 ) (414 0 224 ) (414 0 194 ) 
4 26 29 (414 -588 224 ) (414 -588 194 ) (442 -588 194 ) (442 -588 224 ) 
4 26 27 (442 -588 194 ) (414 -588 194 ) (414 0 194 ) (442 0 194 ) 
4 27 28 (442 -588 193 ) (414 -588 193 ) (414 0 193 ) (442 0 193 ) 
4 27 30 (414 -588 193 ) (414 -588 194 ) (414 0 194 ) (414 0 193 ) 
4 27 29 (414 -588 194 ) (414 -588 193 ) (442 -588 193 ) (442 -588 194 ) 
4 28 29 (414 -588 193 ) (414 -588 48 ) (442 -588 48 ) (442 -588 193 ) 
4 28 30 (414 0 48 ) (414 -588 48 ) (414 -588 193 ) (414 0 193 ) 
4 29 30 (414 -588 48 ) (414 -644 48 ) (414 -644 224 ) (414 -588 224 ) 
4 30 31 (407 0 48 ) (407 -644 48 ) (407 -644 224 ) (407 0 224 ) 
4 31 33 (347 0 48 ) (347 -644 48 ) (347 -644 224 ) (347 0 224 ) 
4 31 32 (347 -644 158 ) (347 -644 48 ) (407 -644 48 ) (407 -644 158 ) 
4 32 34 (347 -650 48 ) (407 -650 48 ) (407 -650 158 ) (347 -650 158 ) 
4 33 40 (253 -136 48 ) (253 -367.627045 48 ) (253 -367.627045 200 ) (253 -136 200 ) 
4 33 41 (253 -391.627045 48 ) (253 -629 48 ) (253 -629 200 ) (253 -391.627045 200 ) 
4 33 35 (253 0 48 ) (253 -104.250999 48 ) (253 -104.250999 200 ) (253 0 200 ) 
4 33 36 (253 -128.251007 48 ) (253 -136 48 ) (253 -136 200 ) (253 -128.251007 200 ) 
4 34 42 (253 -653 48 ) (253 -979.608032 48 ) (253 -979.608032 224 ) (253 -653 224 ) 
4 35 37 (225 0 48 ) (225 -104.250999 48 ) (225 -104.250999 200 ) (225 0 200 ) 
4 36 43 (225 -136 48 ) (232 -136 48 ) (232 -136 200 ) (225 -136 200 ) 
4 36 40 (232 -136 48 ) (253 -136 48 ) (253 -136 200 ) (232 -136 200 ) 
4 36 37 (225 -128.251007 48 ) (225 -136 48 ) (225 -136 200 ) (225 -128.251007 200 ) 
4 37 44 (224 -136 48 ) (225 -136 48 ) (225 -136 224 ) (224 -136 224 ) 
4 38 204 (0 -128 224 ) (0 0 224 ) (0 0 48 ) (0 -128 48 ) 
4 38 39 (112 -128 48 ) (172 -128 48 ) (172 -128 162 ) (112 -128 162 ) 
4 39 44 (112 -136 48 ) (172 -136 48 ) (172 -136 162 ) (112 -136 162 ) 
4 40 43 (232 -136 200 ) (232 -136 48 ) (232 -276 48 ) (232 -276 200 ) 
4 43 44 (225 -136 200 ) (225 -136 48 ) (225 -276 48 ) (225 -276 200 ) 
4 44 205 (0 -276 224 ) (0 -136 224 ) (0 -136 48 ) (0 -276 48 ) 
4 44 47 (104 -276 48 ) (164 -276 48 ) (164 -276 159 ) (104 -276 159 ) 
4 45 46 (222 -592 48 ) (222 -610 48 ) (222 -610 224 ) (222 -592 224 ) 
4 46 48 (164 -284 48 ) (164 -610 48 ) (164 -610 224 ) (164 -284 224 ) 
4 47 48 (104 -284 48 ) (164 -284 48 ) (164 -284 159 ) (104 -284 159 ) 
4 48 212 (0 -610 224 ) (0 -284 224 ) (0 -284 48 ) (0 -610 48 ) 
4 49 203 (-1024 0 242 ) (-1024 0 224 ) (-942.757446 0 224 ) (-942.756958 0 242 ) 
4 49 201 (-1024 362 242 ) (-1024 388 242 ) (-1024 388 224 ) (-1024 362 224 ) 
4 49 202 (-1024 0 224 ) (-1024 0 242 ) (-1024 362 242 ) (-1024 362 224 ) 
4 49 189 (-844.761047 315.262207 224 ) (-836 340.749268 224 ) (-836 318.978271 224 ) (-838 313 224 ) 
4 49 188 (-942.757446 0 224 ) (-953.130798 0 224 ) (-844.761047 315.262207 224 ) (-838 313 224 ) 
5 49 127 (-953.130798 0 224 ) (-1024 0 224 ) (-1024 388 224 ) (-836 388 224 ) (-836 340.749268 224 ) 
4 49 52 (-838 313 224 ) (-836 318.975464 224 ) (-836 318.974030 242 ) (-838 313 242 ) 
4 49 51 (-942.756409 0 224 ) (-838 313 224 ) (-838 313 242 ) (-942.755981 0 242 ) 
4 50 203 (-836 0 242 ) (-836 0 224 ) (-674 0 224 ) (-674 0 242 ) 
4 50 188 (-834 0 224 ) (-836 0 224 ) (-836 236 224 ) (-834 236 224 ) 
4 50 174 (-674 0 224 ) (-834 0 224 ) (-834 236 224 ) (-674 236 224 ) 
4 50 51 (-836 236 224 ) (-836 0 224 ) (-836 0 242 ) (-836 236 242 ) 
4 51 203 (-942.756958 0 242 ) (-942.757446 0 224 ) (-836 0 224 ) (-836 0 242 ) 
4 51 188 (-836 0 224 ) (-942.757446 0 224 ) (-838 313 224 ) (-836 312.330811 224 ) 
4 51 52 (-838 313 224 ) (-838 313 242 ) (-836 312.332031 242 ) (-836 312.332031 224 ) 
3 52 190 (-838 313 224 ) (-836 318.978271 224 ) (-836 312.330811 224 ) 
4 53 64 (-14 432 48 ) (-14 392 48 ) (-14 392 224 ) (-14 432 224 ) 
4 53 55 (-14 392 194 ) (-14 392 193 ) (0 392 193 ) (0 392 194 ) 
4 53 54 (-14 392 224 ) (-14 392 194 ) (0 392 194 ) (0 392 224 ) 
4 53 56 (-14 392 193 ) (-14 392 48 ) (0 392 48 ) (0 392 193 ) 
4 54 65 (-14 370 194 ) (-14 370 224 ) (-14 392 224 ) (-14 392 194 ) 
4 54 57 (-14 370 224 ) (-14 370 194 ) (0 370 194 ) (0 370 224 ) 
4 54 55 (0 370 194 ) (-14 370 194 ) (-14 392 194 ) (0 392 194 ) 
4 55 66 (-14 370 193 ) (-14 370 194 ) (-14 392 194 ) (-14 392 193 ) 
4 55 56 (0 370 193 ) (-14 370 193 ) (-14 392 193 ) (0 392 193 ) 
4 55 57 (-14 370 194 ) (-14 370 193 ) (0 370 193 ) (0 370 194 ) 
4 56 67 (-14 392 48 ) (-14 370 48 ) (-14 370 193 ) (-14 392 193 ) 
4 56 57 (-14 370 193 ) (-14 370 48 ) (0 370 48 ) (0 370 193 ) 
4 57 68 (-14 370 48 ) (-14 312 48 ) (-14 312 224 ) (-14 370 224 ) 
4 58 59 (-2 268 48 ) (0 268 48 ) (0 268 224 ) (-2 268 224 ) 
4 59 63 (-2 120 48 ) (-2 60 48 ) (-2 60 158 ) (-2 120 158 ) 
4 59 62 (-2 268 158 ) (-2 268 48 ) (-2 208 48 ) (-2 208 158 ) 
4 59 60 (-2 14 224 ) (-2 14 174 ) (0 14 174 ) (0 14 224 ) 
4 60 61 (-2 6 224 ) (-2 6 174 ) (0 6 174 ) (0 6 224 ) 
4 61 204 (0 0 48 ) (0 0 224 ) (-2 0 224 ) (-2 0 48 ) 
4 62 75 (-14 210 48 ) (-14 208 48 ) (-14 208 158 ) (-14 210 158 ) 
4 62 72 (-14 266 48 ) (-14 210 48 ) (-14 210 158 ) (-14 266 158 ) 
4 62 69 (-14 268 48 ) (-14 266 48 ) (-14 266 158 ) (-14 268 158 ) 
4 63 78 (-14 120 48 ) (-14 60 48 ) (-14 60 158 ) (-14 120 158 ) 
4 64 82 (-114 432 209.308014 ) (-114 432 48 ) (-114 392 48 ) (-114 392 209.308014 ) 
4 64 80 (-114 432 224 ) (-114 432 209.308014 ) (-114 392 209.308014 ) (-114 392 224 ) 
4 64 66 (-114 392 194 ) (-114 392 193 ) (-14 392 193 ) (-14 392 194 ) 
4 64 65 (-114 392 224 ) (-114 392 194 ) (-14 392 194 ) (-14 392 224 ) 
4 64 67 (-114 392 193 ) (-114 392 48 ) (-14 392 48 ) (-14 392 193 ) 
4 65 83 (-114 370 194 ) (-114 370 209.308014 ) (-114 392 209.308014 ) (-114 392 194 ) 
4 65 80 (-114 370 209.308014 ) (-114 370 224 ) (-114 392 224 ) (-114 392 209.308014 ) 
4 65 68 (-114 370 224 ) (-114 370 194 ) (-14 370 194 ) (-14 370 224 ) 
4 65 66 (-14 370 194 ) (-114 370 194 ) (-114 392 194 ) (-14 392 194 ) 
4 66 84 (-114 370 193 ) (-114 370 194 ) (-114 392 194 ) (-114 392 193 ) 
4 66 67 (-14 370 193 ) (-114 370 193 ) (-114 392 193 ) (-14 392 193 ) 
4 66 68 (-114 370 194 ) (-114 370 193 ) (-14 370 193 ) (-14 370 194 ) 
4 67 85 (-114 392 48 ) (-114 370 48 ) (-114 370 193 ) (-114 392 193 ) 
4 67 68 (-114 370 193 ) (-114 370 48 ) (-14 370 48 ) (-14 370 193 ) 
4 68 86 (-114 370 48 ) (-114 312 48 ) (-114 312 209.308014 ) (-114 370 209.308014 ) 
4 68 80 (-114 312 209.308014 ) (-114 312 224 ) (-114 370 224 ) (-114 370 209.308014 ) 
4 69 72 (-112 266 48 ) (-14 266 48 ) (-14 266 224 ) (-112 266 224 ) 
4 69 70 (-112 304 224 ) (-112 304 196 ) (-112 266 196 ) (-112 266 224 ) 
4 69 71 (-112 304 60 ) (-112 304 48 ) (-112 266 48 ) (-112 266 60 ) 
4 70 93 (-114 266 196 ) (-114 266 224 ) (-114 304 224 ) (-114 304 196 ) 
4 70 73 (-114 266 224 ) (-114 266 196 ) (-112 266 196 ) (-112 266 224 ) 
4 71 93 (-114 304 48 ) (-114 266 48 ) (-114 266 60 ) (-114 304 60 ) 
4 71 74 (-114 266 60 ) (-114 266 48 ) (-112 266 48 ) (-112 266 60 ) 
4 72 75 (-112 210 48 ) (-14 210 48 ) (-14 210 224 ) (-112 210 224 ) 
4 72 73 (-112 266 224 ) (-112 266 196 ) (-112 210 196 ) (-112 210 224 ) 
4 72 74 (-112 266 162 ) (-112 266 48 ) (-112 210 48 ) (-112 210 162 ) 
4 73 93 (-114 210 196 ) (-114 210 224 ) (-114 266 224 ) (-114 266 196 ) 
4 73 76 (-114 210 224 ) (-114 210 196 ) (-112 210 196 ) (-112 210 224 ) 
4 74 93 (-114 266 48 ) (-114 210 48 ) (-114 210 162 ) (-114 266 162 ) 
4 74 77 (-114 210 58 ) (-114 210 48 ) (-112 210 48 ) (-112 210 58 ) 
4 75 76 (-112 210 224 ) (-112 210 196 ) (-112 164 196 ) (-112 164 224 ) 
4 75 77 (-112 210 58 ) (-112 210 48 ) (-112 164 48 ) (-112 164 58 ) 
4 76 93 (-114 164 196 ) (-114 164 224 ) (-114 210 224 ) (-114 210 196 ) 
4 77 93 (-114 210 48 ) (-114 164 48 ) (-114 164 58 ) (-114 210 58 ) 
4 78 100 (-114 16 196 ) (-114 16 224 ) (-114 62 224 ) (-114 62 196 ) 
4 78 101 (-114 62 48 ) (-114 16 48 ) (-114 16 58 ) (-114 62 58 ) 
4 78 97 (-114 62 196 ) (-114 62 224 ) (-114 118 224 ) (-114 118 196 ) 
4 78 98 (-114 118 48 ) (-114 62 48 ) (-114 62 162 ) (-114 118 162 ) 
4 78 94 (-114 118 196 ) (-114 118 224 ) (-114 156 224 ) (-114 156 196 ) 
4 78 95 (-114 156 48 ) (-114 118 48 ) (-114 118 60 ) (-114 156 60 ) 
4 79 206 (-14 0 224 ) (-114 0 224 ) (-114 0 48 ) (-14 0 48 ) 
4 79 103 (-114 4 48 ) (-114 0 48 ) (-114 0 224 ) (-114 4 224 ) 
4 80 104 (-294 312 209.308014 ) (-194 312 209.308014 ) (-194 312 224 ) (-294 312 224 ) 
4 80 83 (-294 370 209.308014 ) (-294 392 209.308014 ) (-114 392 209.308014 ) (-114 370 209.308014 ) 
4 80 82 (-294 392 209.308014 ) (-294 432 209.308014 ) (-114 432 209.308014 ) (-114 392 209.308014 ) 
4 80 86 (-114 312 209.308014 ) (-294 312 209.308014 ) (-294 370 209.308014 ) (-114 370 209.308014 ) 
4 81 122 (-474 432 224 ) (-474 432 209.308014 ) (-474 312 209.308014 ) (-474 312 224 ) 
4 81 119 (-474 312 218 ) (-474 312 209.308014 ) (-453 312 209.308014 ) (-453 312 218 ) 
4 81 118 (-453 312 209.308014 ) (-374 312 209.308014 ) (-374 312 218 ) (-453 312 218 ) 
4 81 116 (-474 312 224 ) (-474 312 218 ) (-374 312 218 ) (-374 312 224 ) 
4 81 111 (-374 312 209.308014 ) (-362 312 209.308014 ) (-362 312 224 ) (-374 312 224 ) 
4 81 108 (-362 312 209.308014 ) (-322 312 209.308014 ) (-322 312 224 ) (-362 312 224 ) 
4 81 87 (-453 312 209.308014 ) (-474 312 209.308014 ) (-474 432 209.308014 ) (-453 432 209.308014 ) 
4 81 83 (-453 370 209.308014 ) (-453 392 209.308014 ) (-322 392 209.308014 ) (-322 370 209.308014 ) 
4 81 82 (-453 392 209.308014 ) (-453 432 209.308014 ) (-322 432 209.308014 ) (-322 392 209.308014 ) 
4 81 86 (-322 312 209.308014 ) (-453 312 209.308014 ) (-453 370 209.308014 ) (-322 370 209.308014 ) 
4 82 88 (-453 432 194 ) (-453 432 193 ) (-453 392 193 ) (-453 392 194 ) 
4 82 87 (-453 392 209.308014 ) (-453 432 209.308014 ) (-453 432 194 ) (-453 392 194 ) 
4 82 92 (-453 432 193 ) (-453 432 48 ) (-453 392 48 ) (-453 392 193 ) 
4 82 84 (-453 392 194 ) (-453 392 193 ) (-114 392 193 ) (-114 392 194 ) 
4 82 83 (-453 392 209.308014 ) (-453 392 194 ) (-114 392 194 ) (-114 392 209.308014 ) 
4 82 85 (-453 392 193 ) (-453 392 48 ) (-114 392 48 ) (-114 392 193 ) 
4 83 87 (-453 370 209.308014 ) (-453 392 209.308014 ) (-453 392 194 ) (-453 370 194 ) 
4 83 86 (-453 370 209.308014 ) (-453 370 194 ) (-114 370 194 ) (-114 370 209.308014 ) 
4 83 84 (-114 370 194 ) (-453 370 194 ) (-453 392 194 ) (-114 392 194 ) 
4 84 89 (-453 392 194 ) (-453 392 193 ) (-453 370 193 ) (-453 370 194 ) 
4 84 85 (-114 370 193 ) (-453 370 193 ) (-453 392 193 ) (-114 392 193 ) 
4 84 86 (-453 370 194 ) (-453 370 193 ) (-114 370 193 ) (-114 370 194 ) 
4 85 92 (-453 392 193 ) (-453 392 48 ) (-453 370 48 ) (-453 370 193 ) 
4 85 86 (-453 370 193 ) (-453 370 48 ) (-114 370 48 ) (-114 370 193 ) 
4 86 118 (-453 312 48 ) (-374 312 48 ) (-374 312 209.308014 ) (-453 312 209.308014 ) 
4 86 111 (-374 312 48 ) (-362 312 48 ) (-362 312 209.308014 ) (-374 312 209.308014 ) 
4 86 110 (-362 312 48 ) (-294 312 48 ) (-294 312 209.308014 ) (-362 312 209.308014 ) 
4 86 104 (-294 312 48 ) (-194 312 48 ) (-194 312 209.308014 ) (-294 312 209.308014 ) 
4 86 90 (-453 369 194 ) (-453 370 194 ) (-453 370 193 ) (-453 369 193 ) 
4 86 91 (-453 312 193 ) (-453 312 194 ) (-453 369 194 ) (-453 369 193 ) 
4 86 87 (-453 312 194 ) (-453 312 209.308014 ) (-453 370 209.308014 ) (-453 370 194 ) 
4 86 92 (-453 312 48 ) (-453 312 193 ) (-453 370 193 ) (-453 370 48 ) 
4 87 122 (-474 432 209.308014 ) (-474 432 194 ) (-474 312 194 ) (-474 312 209.308014 ) 
4 87 119 (-474 312 209.308014 ) (-474 312 194 ) (-453 312 194 ) (-453 312 209.308014 ) 
4 87 89 (-453 392 194 ) (-453 370 194 ) (-474 370 194 ) (-474 392 194 ) 
4 87 88 (-453 432 194 ) (-453 392 194 ) (-474 392 194 ) (-474 432 194 ) 
4 87 90 (-453 370 194 ) (-453 369 194 ) (-474 369 194 ) (-474 370 194 ) 
4 87 91 (-453 369 194 ) (-453 312 194 ) (-474 312 194 ) (-474 369 194 ) 
4 88 122 (-474 432 194 ) (-474 432 193 ) (-474 392 193 ) (-474 392 194 ) 
4 88 92 (-453 432 193 ) (-453 392 193 ) (-474 392 193 ) (-474 432 193 ) 
4 88 89 (-474 392 193 ) (-453 392 193 ) (-453 392 194 ) (-474 392 194 ) 
4 89 122 (-474 392 193 ) (-474 370 193 ) (-474 370 194 ) (-474 392 194 ) 
4 89 90 (-474 370 193 ) (-453 370 193 ) (-453 370 194 ) (-474 370 194 ) 
4 89 92 (-453 392 193 ) (-453 370 193 ) (-474 370 193 ) (-474 392 193 ) 
4 90 122 (-474 370 193 ) (-474 369 193 ) (-474 369 194 ) (-474 370 194 ) 
4 90 91 (-474 369 193 ) (-453 369 193 ) (-453 369 194 ) (-474 369 194 ) 
4 90 92 (-453 370 193 ) (-453 369 193 ) (-474 369 193 ) (-474 370 193 ) 
4 91 122 (-474 369 193 ) (-474 312 193 ) (-474 312 194 ) (-474 369 194 ) 
4 91 120 (-474 312 194 ) (-474 312 193 ) (-453 312 193 ) (-453 312 194 ) 
4 91 92 (-453 369 193 ) (-453 312 193 ) (-474 312 193 ) (-474 369 193 ) 
4 92 122 (-474 432 193 ) (-474 432 48 ) (-474 312 48 ) (-474 312 193 ) 
4 92 121 (-474 312 193 ) (-474 312 48 ) (-453 312 48 ) (-453 312 193 ) 
4 94 97 (-114 118 196 ) (-114 118 224 ) (-116 118 224 ) (-116 118 196 ) 
4 94 96 (-116 156 224 ) (-116 156 196 ) (-116 118 196 ) (-116 118 224 ) 
4 95 98 (-116 118 48 ) (-114 118 48 ) (-114 118 60 ) (-116 118 60 ) 
4 95 96 (-116 156 60 ) (-116 156 48 ) (-116 118 48 ) (-116 118 60 ) 
4 96 99 (-182 118 224 ) (-182 118 48 ) (-116 118 48 ) (-116 118 224 ) 
4 97 100 (-114 62 196 ) (-114 62 224 ) (-116 62 224 ) (-116 62 196 ) 
4 97 99 (-116 118 224 ) (-116 118 196 ) (-116 62 196 ) (-116 62 224 ) 
4 98 101 (-116 62 48 ) (-114 62 48 ) (-114 62 58 ) (-116 62 58 ) 
4 98 99 (-116 118 162 ) (-116 118 48 ) (-116 62 48 ) (-116 62 162 ) 
4 99 102 (-182 62 224 ) (-182 62 48 ) (-116 62 48 ) (-116 62 224 ) 
4 100 102 (-116 62 224 ) (-116 62 196 ) (-116 16 196 ) (-116 16 224 ) 
4 101 102 (-116 62 58 ) (-116 62 48 ) (-116 16 48 ) (-116 16 58 ) 
4 103 207 (-137 0 224 ) (-147 0 224 ) (-147 0 48 ) (-137 0 48 ) 
4 103 206 (-114 0 224 ) (-137 0 224 ) (-137 0 48 ) (-114 0 48 ) 
4 103 210 (-147 0 224 ) (-182 0 224 ) (-182 0 48 ) (-147 0 48 ) 
4 104 110 (-294 312 209.308014 ) (-294 312 48 ) (-294 304 48 ) (-294 304 209.308014 ) 
4 104 105 (-294 304 224 ) (-294 304 48 ) (-194 304 48 ) (-194 304 224 ) 
4 105 110 (-294 304 48 ) (-294 68 48 ) (-294 68 209.308014 ) (-294 304 209.308014 ) 
4 105 106 (-294 68 218 ) (-294 68 48 ) (-194 68 48 ) (-194 68 218 ) 
4 106 110 (-294 68 48 ) (-294 49 48 ) (-294 49 209.308014 ) (-294 68 209.308014 ) 
4 106 107 (-294 49 218 ) (-294 49 48 ) (-194 49 48 ) (-194 49 218 ) 
4 107 210 (-194 0 224 ) (-294 0 224 ) (-294 0 48 ) (-194 0 48 ) 
4 107 114 (-294 49 48 ) (-294 0 48 ) (-294 0 209.308014 ) (-294 49 209.308014 ) 
4 108 111 (-362 312 224 ) (-362 312 209.308014 ) (-362 68 209.308014 ) (-362 68 224 ) 
4 108 109 (-362 68 218 ) (-362 68 209.308014 ) (-322 68 209.308014 ) (-322 68 218 ) 
4 108 110 (-362 68 209.308014 ) (-362 312 209.308014 ) (-322 312 209.308014 ) (-322 68 209.308014 ) 
4 109 115 (-362 49 218 ) (-362 49 209.308014 ) (-322 49 209.308014 ) (-322 49 218 ) 
4 109 113 (-362 52 209.308014 ) (-362 49 209.308014 ) (-362 49 218 ) (-362 52 218 ) 
4 109 112 (-362 68 209.308014 ) (-362 60 209.308014 ) (-362 60 218 ) (-362 68 218 ) 
4 109 110 (-322 49 209.308014 ) (-362 49 209.308014 ) (-362 68 209.308014 ) (-322 68 209.308014 ) 
4 110 114 (-322 49 48 ) (-294 49 48 ) (-294 49 209.308014 ) (-322 49 209.308014 ) 
4 110 115 (-362 49 48 ) (-322 49 48 ) (-322 49 209.308014 ) (-362 49 209.308014 ) 
4 110 113 (-362 52 48 ) (-362 49 48 ) (-362 49 209.308014 ) (-362 52 209.308014 ) 
4 110 112 (-362 68 48 ) (-362 60 48 ) (-362 60 209.308014 ) (-362 68 209.308014 ) 
4 110 111 (-362 312 209.308014 ) (-362 312 48 ) (-362 68 48 ) (-362 68 209.308014 ) 
4 111 118 (-374 312 218 ) (-374 312 48 ) (-374 68 48 ) (-374 68 218 ) 
4 111 116 (-374 312 224 ) (-374 312 218 ) (-374 68 218 ) (-374 68 224 ) 
4 111 112 (-374 68 218 ) (-374 68 48 ) (-362 68 48 ) (-362 68 218 ) 
4 112 118 (-374 68 48 ) (-374 60 48 ) (-374 60 218 ) (-374 68 218 ) 
4 113 118 (-374 52 48 ) (-374 49 48 ) (-374 49 218 ) (-374 52 218 ) 
4 113 115 (-374 49 218 ) (-374 49 48 ) (-362 49 48 ) (-362 49 218 ) 
4 114 216 (-322 0 209.308014 ) (-322 0 48 ) (-296 0 48 ) (-296 0 209.308014 ) 
4 114 214 (-296 0 48 ) (-294 0 48 ) (-294 0 209.308014 ) (-296 0 209.308014 ) 
4 114 115 (-322 49 209.308014 ) (-322 49 48 ) (-322 0 48 ) (-322 0 209.308014 ) 
4 115 217 (-322 0 224 ) (-374 0 224 ) (-374 0 48 ) (-322 0 48 ) 
4 115 118 (-374 49 48 ) (-374 0 48 ) (-374 0 218 ) (-374 49 218 ) 
4 115 117 (-374 0 218 ) (-374 0 224 ) (-374 49 224 ) (-374 49 218 ) 
4 116 122 (-474 68 224 ) (-474 312 224 ) (-474 312 218 ) (-474 68 218 ) 
4 116 119 (-474 68 218 ) (-474 312 218 ) (-453 312 218 ) (-453 68 218 ) 
4 116 118 (-453 312 218 ) (-374 312 218 ) (-374 68 218 ) (-453 68 218 ) 
4 117 222 (-453 0 224 ) (-474 0 224 ) (-474 0 218 ) (-453 0 218 ) 
4 117 217 (-374 0 224 ) (-453 0 224 ) (-453 0 218 ) (-374 0 218 ) 
4 117 124 (-474 0 218 ) (-474 0 224 ) (-474 49 224 ) (-474 49 218 ) 
4 117 119 (-474 0 218 ) (-474 49 218 ) (-453 49 218 ) (-453 0 218 ) 
4 117 118 (-453 49 218 ) (-374 49 218 ) (-374 0 218 ) (-453 0 218 ) 
4 118 217 (-453 0 48 ) (-374 0 48 ) (-374 0 218 ) (-453 0 218 ) 
4 118 120 (-453 312 194 ) (-453 312 193 ) (-453 0 193 ) (-453 0 194 ) 
4 118 119 (-453 0 218 ) (-453 312 218 ) (-453 312 194 ) (-453 0 194 ) 
4 118 121 (-453 312 193 ) (-453 312 48 ) (-453 0 48 ) (-453 0 193 ) 
4 119 223 (-474 0 203 ) (-474 0 194 ) (-453 0 194 ) (-453 0 203 ) 
4 119 222 (-474 0 218 ) (-474 0 203 ) (-453 0 203 ) (-453 0 218 ) 
4 119 123 (-474 49 218 ) (-474 68 218 ) (-474 68 194 ) (-474 49 194 ) 
4 119 122 (-474 68 218 ) (-474 312 218 ) (-474 312 194 ) (-474 68 194 ) 
4 119 124 (-474 0 194 ) (-474 0 218 ) (-474 49 218 ) (-474 49 194 ) 
4 119 120 (-474 0 194 ) (-474 312 194 ) (-453 312 194 ) (-453 0 194 ) 
4 120 224 (-474 0 194 ) (-474 0 193 ) (-453 0 193 ) (-453 0 194 ) 
4 120 123 (-474 49 194 ) (-474 68 194 ) (-474 68 193 ) (-474 49 193 ) 
4 120 122 (-474 68 194 ) (-474 312 194 ) (-474 312 193 ) (-474 68 193 ) 
4 120 124 (-474 0 193 ) (-474 0 194 ) (-474 49 194 ) (-474 49 193 ) 
4 120 121 (-474 0 193 ) (-474 312 193 ) (-453 312 193 ) (-453 0 193 ) 
4 121 225 (-474 0 193 ) (-474 0 48 ) (-453 0 48 ) (-453 0 193 ) 
4 121 123 (-474 68 48 ) (-474 49 48 ) (-474 49 193 ) (-474 68 193 ) 
4 121 122 (-474 312 48 ) (-474 68 48 ) (-474 68 193 ) (-474 312 193 ) 
4 121 124 (-474 49 48 ) (-474 0 48 ) (-474 0 193 ) (-474 49 193 ) 
4 122 129 (-517 249.008484 48 ) (-517 68 48 ) (-517 68 203 ) (-517 249 203 ) 
4 122 126 (-517 388 48 ) (-517 249.008484 48 ) (-517 248.998596 224 ) (-517 388 224 ) 
4 122 125 (-517 432 48 ) (-517 388 48 ) (-517 388 224 ) (-517 432 224 ) 
4 122 123 (-517 68 218 ) (-517 68 48 ) (-474 68 48 ) (-474 68 218 ) 
4 123 129 (-517 68 48 ) (-517 49 48 ) (-517 49 203 ) (-517 68 203 ) 
4 123 124 (-517 49 218 ) (-517 49 48 ) (-474 49 48 ) (-474 49 218 ) 
4 124 226 (-517 0 203 ) (-517 0 48 ) (-474 0 48 ) (-474 0 203 ) 
4 124 222 (-474 0 224 ) (-517 0 224 ) (-517 0 203 ) (-474 0 203 ) 
4 124 129 (-517 49 48 ) (-517 0 48 ) (-517 0 203 ) (-517 49 203 ) 
4 125 128 (-810 388 48 ) (-602.631470 388 48 ) (-602.637573 388 224 ) (-810 388 224 ) 
4 125 126 (-602.631470 388 48 ) (-517 388 48 ) (-517 388 224 ) (-602.637573 388 224 ) 
4 126 134 (-525.719666 263.160706 48 ) (-523 258.746338 48 ) (-523 258.737640 203 ) (-525.716797 263.147278 203 ) 
4 126 129 (-523 258.746338 48 ) (-517 249.007584 48 ) (-517 248.998856 203 ) (-523 258.737640 203 ) 
4 126 128 (-602.638611 388 224 ) (-602.632507 388 48 ) (-525.719666 263.160706 48 ) (-525.716370 263.145447 224 ) 
4 127 256 (-953.130737 0 224 ) (-1024 0 224 ) (-1024 0 48 ) (-953.196716 0 48 ) 
4 127 201 (-1024 362 224 ) (-1024 388 224 ) (-1024 388 48 ) (-1024 362 48 ) 
4 127 202 (-1024 0 48 ) (-1024 0 224 ) (-1024 362 224 ) (-1024 362 48 ) 
3 127 196 (-844.413940 316.463776 48 ) (-864 259.485229 48 ) (-864 323.078003 48 ) 
5 127 199 (-1024 0 48 ) (-1024 362 48 ) (-864 362 48 ) (-864 259.485229 48 ) (-953.196655 0 48 ) 
4 127 193 (-1024 362 48 ) (-1024 388 48 ) (-864 388 48 ) (-864 362 48 ) 
4 127 191 (-844.821899 315.282562 48 ) (-841.137207 326.001770 48 ) (-841.131165 326 65 ) (-844.816162 315.280640 65 ) 
4 127 189 (-834 346.746307 65 ) (-834 346.572693 224 ) (-844.762634 315.262756 224 ) (-844.816162 315.280640 65 ) 
4 127 188 (-953.199219 0 48 ) (-844.821899 315.282562 48 ) (-844.762634 315.262756 224 ) (-953.132568 0 224 ) 
4 128 135 (-706.205811 322 48 ) (-675 311.826447 48 ) (-675 311.813965 203 ) (-706.244141 322 203 ) 
4 128 134 (-675 311.826447 48 ) (-525.717590 263.158112 48 ) (-525.714722 263.144684 203 ) (-675 311.813965 203 ) 
4 128 133 (-810 355.838470 48 ) (-706.205811 322 48 ) (-706.210022 322 65 ) (-810 355.837097 65 ) 
4 128 131 (-706.210022 322 65 ) (-706.244141 322 203 ) (-810 355.825958 203 ) (-810 355.837097 65 ) 
4 129 227 (-523 0 203 ) (-523 0 48 ) (-517 0 48 ) (-517 0 203 ) 
4 129 158 (-523 223 48 ) (-523 75 48 ) (-523 75 65 ) (-523 223 65 ) 
4 129 159 (-523 55 48 ) (-523 0 48 ) (-523 0 65 ) (-523 55 65 ) 
4 129 154 (-523 0 65 ) (-523 0 203 ) (-523 55 203 ) (-523 55 65 ) 
4 129 153 (-523 75 203 ) (-523 223 203 ) (-523 223 65 ) (-523 75 65 ) 
4 129 148 (-523 249.694641 48 ) (-523 223 48 ) (-523 223 65 ) (-523 249.692368 65 ) 
4 129 141 (-523 223 65 ) (-523 223 203 ) (-523 243 203 ) (-523 243 65 ) 
4 129 140 (-523 243 203 ) (-523 249.673920 203 ) (-523 249.692368 65 ) (-523 243 65 ) 
4 129 134 (-523 258.737213 203 ) (-523 258.745911 48 ) (-523 249.694641 48 ) (-523 249.673920 203 ) 
4 130 183 (-810 322 212.014008 ) (-810 322 203 ) (-790.328857 322 203 ) (-790.327087 322 212.014008 ) 
4 130 176 (-790.324707 322 224 ) (-810 322 224 ) (-810 322 212.014008 ) (-790.327087 322 212.014008 ) 
3 130 132 (-790.328857 322 203 ) (-810 322 203 ) (-810 328.413086 203 ) 
4 131 185 (-744.850769 322 203 ) (-782.975464 322 203 ) (-782.972168 322 65 ) (-744.794189 322 65 ) 
4 131 135 (-706.205017 322 65 ) (-706.239136 322 203 ) (-744.850769 322 203 ) (-744.794189 322 65 ) 
4 131 133 (-706.205017 322 65 ) (-744.794189 322 65 ) (-810 343.257904 65 ) (-810 355.838562 65 ) 
4 131 132 (-810 331.042328 203 ) (-810 331.043427 65 ) (-782.971863 322 65 ) (-782.974976 322 203 ) 
4 132 186 (-782.975464 322 203 ) (-790.328857 322 203 ) (-790.356201 322 65 ) (-782.972168 322 65 ) 
4 132 183 (-790.328857 322 203 ) (-810 322 203 ) (-810 322 65 ) (-790.356201 322 65 ) 
4 133 135 (-744.787231 322 48 ) (-706.200806 322 48 ) (-706.205017 322 65 ) (-744.794189 322 65 ) 
4 134 180 (-555 260.126343 65 ) (-555 260.107880 203 ) (-675 299.229156 203 ) (-675 299.247620 65 ) 
4 134 149 (-539.715393 255.145660 48 ) (-527 251 48 ) (-527 250.998032 65 ) (-539.713684 255.142822 65 ) 
4 134 148 (-527 251 48 ) (-523 249.696259 48 ) (-523 249.693985 65 ) (-527 250.998032 65 ) 
4 134 145 (-544 256.521759 203 ) (-555 260.107880 203 ) (-555 260.126343 65 ) (-544 256.540222 65 ) 
4 134 142 (-538 254.565704 203 ) (-544 256.521759 203 ) (-544 256.540222 65 ) (-538 254.584152 65 ) 
4 134 140 (-523 249.693985 65 ) (-523 249.675537 203 ) (-538 254.565704 203 ) (-538 254.584152 65 ) 
4 134 135 (-675 302 203 ) (-675 311.815613 203 ) (-675 311.828094 48 ) (-675 302 48 ) 
4 135 185 (-744.846924 322 203 ) (-744.790344 322 65 ) (-692 304.789795 65 ) (-692 304.771332 203 ) 
4 135 184 (-692 304.789795 65 ) (-683.442627 302 65 ) (-683.499268 302 203 ) (-692 304.771332 203 ) 
4 136 253 (-544 0 224 ) (-555 0 224 ) (-555 0 206.696014 ) (-544 0 206.696014 ) 
4 136 232 (-543 0 206.696014 ) (-538 0 206.696014 ) (-538 0 220 ) (-543 0 220 ) 
4 136 235 (-544 0 220 ) (-544 0 206.696014 ) (-543 0 206.696014 ) (-543 0 220 ) 
4 136 228 (-538 0 224 ) (-544 0 224 ) (-544 0 220 ) (-538 0 220 ) 
4 136 171 (-555 218.309265 206.696014 ) (-555 0 206.696014 ) (-555 0 224 ) (-555 218.309265 224 ) 
4 136 165 (-555 0 206.696014 ) (-555 218.309265 206.696014 ) (-540 213.290314 206.696014 ) (-540 0 206.696014 ) 
4 136 151 (-540 213.290314 206.696014 ) (-538 212.621124 206.696014 ) (-538 0 206.696014 ) (-540 0 206.696014 ) 
4 136 139 (-542.121094 214.001938 206.696014 ) (-555 218.311188 206.696014 ) (-555 218.311188 224 ) (-542.120850 214.001862 224 ) 
4 136 137 (-538 212.623047 224 ) (-538 212.623047 206.696014 ) (-542.121094 214.001938 206.696014 ) (-542.120850 214.001862 224 ) 
3 137 166 (-540 213.290314 206.696014 ) (-542.121643 214 206.696014 ) (-540 220.342285 206.696014 ) 
5 137 151 (-538 223 206.696014 ) (-538 212.621124 206.696014 ) (-540 213.290314 206.696014 ) (-540 220.342285 206.696014 ) (-539.110901 223 206.696014 ) 
4 137 139 (-538 226.320847 224 ) (-538 226.321594 206.696014 ) (-542.122498 213.998413 206.696014 ) (-542.122253 213.998337 224 ) 
4 138 178 (-555 245.279510 206.696014 ) (-555 236 206.696014 ) (-555 236 212.014008 ) (-555 245.279861 212.014008 ) 
4 138 176 (-555 236 212.014008 ) (-555 236 224 ) (-555 245.280640 224 ) (-555 245.279861 212.014008 ) 
4 138 143 (-555 236 206.696014 ) (-555 245.279526 206.696014 ) (-544 241.693359 206.696014 ) (-544 236 206.696014 ) 
4 138 139 (-555 236 224 ) (-555 236 206.696014 ) (-538 236 206.696014 ) (-538 236 224 ) 
4 139 179 (-555 236 206.696014 ) (-555 232.724045 206.696014 ) (-555 232.724319 212.014008 ) (-555 236 212.014008 ) 
4 139 177 (-555 232.724319 212.014008 ) (-555 232.724945 224 ) (-555 236 224 ) (-555 236 212.014008 ) 
4 139 173 (-555 232.724045 206.696014 ) (-555 218.309265 206.696014 ) (-555 218.309265 224 ) (-555 232.724945 224 ) 
5 139 167 (-555 218.309265 206.696014 ) (-555 223 206.696014 ) (-540 223 206.696014 ) (-540 220.342285 206.696014 ) (-542.121643 214 206.696014 ) 
3 139 152 (-540 223 206.696014 ) (-539.110901 223 206.696014 ) (-540 220.342285 206.696014 ) 
4 139 144 (-555 223 206.696014 ) (-555 236 206.696014 ) (-544 236 206.696014 ) (-544 223 206.696014 ) 
5 140 149 (-538 252.361404 65 ) (-538 254.582535 65 ) (-527 250.996384 65 ) (-527 243 65 ) (-532.232239 243 65 ) 
4 140 148 (-527 250.996384 65 ) (-523 249.692337 65 ) (-523 243 65 ) (-527 243 65 ) 
4 140 142 (-538 254.582031 65 ) (-538 243 65 ) (-538 243 203 ) (-538 254.564087 203 ) 
4 140 141 (-527 243 65 ) (-523 243 65 ) (-523 243 203 ) (-527 243 203 ) 
4 141 153 (-523 223 65 ) (-523 223 203 ) (-527 223 203 ) (-527 223 65 ) 
4 141 148 (-523 223 65 ) (-527 223 65 ) (-527 243 65 ) (-523 243 65 ) 
3 142 149 (-539.712463 255.140808 65 ) (-538 254.582535 65 ) (-538 252.361404 65 ) 
4 142 145 (-544 256.539063 65 ) (-544 243 65 ) (-544 243 203 ) (-544 256.520203 203 ) 
4 143 178 (-555 245.279282 203 ) (-555 236 203 ) (-555 236 206.696014 ) (-555 245.279510 206.696014 ) 
4 143 146 (-544 241.693115 203 ) (-544 236 203 ) (-555 236 203 ) (-555 245.279282 203 ) 
4 143 144 (-555 236 203 ) (-544 236 203 ) (-544 236 206.696014 ) (-555 236 206.696014 ) 
4 144 179 (-555 236 203 ) (-555 232.723862 203 ) (-555 232.724060 206.696014 ) (-555 236 206.696014 ) 
4 144 173 (-555 232.723862 203 ) (-555 223 203 ) (-555 223 206.696014 ) (-555 232.724060 206.696014 ) 
4 144 167 (-544 223 206.696014 ) (-555 223 206.696014 ) (-555 223 203 ) (-544 223 203 ) 
4 144 147 (-544 236 203 ) (-544 223 203 ) (-555 223 203 ) (-555 236 203 ) 
4 145 180 (-555 260.107635 203 ) (-555 260.126099 65 ) (-555 245.722137 65 ) (-555 245.721039 203 ) 
4 145 146 (-555 245.722656 65 ) (-544 242.040176 65 ) (-544 242.039063 203 ) (-555 245.719589 203 ) 
4 146 181 (-555 245.722137 65 ) (-555 236 65 ) (-555 236 203 ) (-555 245.721039 203 ) 
4 146 147 (-555 236 65 ) (-544 236 65 ) (-544 236 203 ) (-555 236 203 ) 
4 147 182 (-555 236 65 ) (-555 232.716721 65 ) (-555 232.723862 203 ) (-555 236 203 ) 
4 147 173 (-555 232.716721 65 ) (-555 223 65 ) (-555 223 203 ) (-555 232.723862 203 ) 
4 147 167 (-555 223 203 ) (-555 223 65 ) (-544 223 65 ) (-544 223 203 ) 
4 148 158 (-523 223 48 ) (-523 223 65 ) (-527 223 65 ) (-527 223 48 ) 
4 148 149 (-527 243 65 ) (-527 250.996414 65 ) (-527 250.998688 48 ) (-527 243 48 ) 
4 150 173 (-555 232.715851 48 ) (-555 223 48 ) (-555 223 49 ) (-555 232.715897 49 ) 
4 150 170 (-555 223 49 ) (-555 223 48 ) (-544 223 48 ) (-544 223 49 ) 
4 151 232 (-538 0 206.696014 ) (-540 0 206.696014 ) (-540 0 205.696014 ) (-538 0 205.696014 ) 
4 151 166 (-540 220.342575 205.696014 ) (-540 213.290314 205.696014 ) (-540 213.290314 206.696014 ) (-540 220.342377 206.696014 ) 
4 151 165 (-540 213.290314 205.696014 ) (-540 0 205.696014 ) (-540 0 206.696014 ) (-540 213.290314 206.696014 ) 
4 151 157 (-540 0 205.696014 ) (-540 55 205.696014 ) (-538 55 205.696014 ) (-538 0 205.696014 ) 
5 151 155 (-540 75 205.696014 ) (-540 220.342560 205.696014 ) (-539.110962 223 205.696014 ) (-538 223 205.696014 ) (-538 75 205.696014 ) 
4 151 152 (-539.110352 223 206.696014 ) (-539.110352 223 205.696014 ) (-540 220.340714 205.696014 ) (-540 220.340668 206.696014 ) 
4 152 167 (-540 223 206.696014 ) (-540 223 205.696014 ) (-540 220.342575 205.696014 ) (-540 220.342377 206.696014 ) 
3 152 156 (-540 220.342560 205.696014 ) (-540 223 205.696014 ) (-539.110962 223 205.696014 ) 
4 153 158 (-531 223 65 ) (-523 223 65 ) (-523 75 65 ) (-531 75 65 ) 
4 153 155 (-538 223 65 ) (-538 75 65 ) (-538 75 203 ) (-538 223 203 ) 
4 154 237 (-538 0 195.696014 ) (-538 0 65 ) (-531 0 65 ) (-531 0 195.696014 ) 
4 154 236 (-531 0 65 ) (-527 0 65 ) (-527 0 195.696014 ) (-531 0 195.696014 ) 
4 154 231 (-527 0 203 ) (-538 0 203 ) (-538 0 195.696014 ) (-527 0 195.696014 ) 
4 154 229 (-526 0 203 ) (-527 0 203 ) (-527 0 65 ) (-526 0 65 ) 
4 154 227 (-523 0 65 ) (-523 0 203 ) (-526 0 203 ) (-526 0 65 ) 
4 154 159 (-523 55 65 ) (-523 0 65 ) (-531 0 65 ) (-531 55 65 ) 
4 154 157 (-538 55 65 ) (-538 0 65 ) (-538 0 203 ) (-538 55 203 ) 
4 155 166 (-540 220.348541 65 ) (-540 213.290314 65 ) (-540 213.290314 205.696014 ) (-540 220.342575 205.696014 ) 
4 155 165 (-540 213.290314 65 ) (-540 75 65 ) (-540 75 205.696014 ) (-540 213.290314 205.696014 ) 
4 155 156 (-539.112427 223 65 ) (-540 220.346786 65 ) (-540 220.340668 205.696014 ) (-539.110352 223 205.696014 ) 
4 156 167 (-540 223 205.696014 ) (-540 223 65 ) (-540 220.348541 65 ) (-540 220.342575 205.696014 ) 
4 157 238 (-540 0 195.696014 ) (-540 0 65 ) (-538 0 65 ) (-538 0 195.696014 ) 
4 157 232 (-538 0 205.696014 ) (-540 0 205.696014 ) (-540 0 195.696014 ) (-538 0 195.696014 ) 
4 157 165 (-540 55 65 ) (-540 0 65 ) (-540 0 205.696014 ) (-540 55 205.696014 ) 
4 158 160 (-531 223 49 ) (-531 223 48 ) (-531 75 48 ) (-531 75 49 ) 
4 159 236 (-531 0 48 ) (-527 0 48 ) (-527 0 65 ) (-531 0 65 ) 
4 159 229 (-527 0 48 ) (-526 0 48 ) (-526 0 65 ) (-527 0 65 ) 
4 159 227 (-526 0 48 ) (-523 0 48 ) (-523 0 65 ) (-526 0 65 ) 
4 159 163 (-531 55 49 ) (-531 55 48 ) (-531 0 48 ) (-531 0 49 ) 
4 160 161 (-538 75 48 ) (-538 75 49 ) (-538 223 49 ) (-538 223 48 ) 
4 161 169 (-540 220.349304 48 ) (-540 213.290314 48 ) (-540 213.290329 49 ) (-540 220.349304 49 ) 
4 161 168 (-540 213.290314 48 ) (-540 75 48 ) (-540 75 49 ) (-540 213.290329 49 ) 
4 161 162 (-540 220.347488 48 ) (-540 220.347443 49 ) (-539.112671 223 49 ) (-539.112671 223 48 ) 
4 162 170 (-540 223 49 ) (-540 223 48 ) (-540 220.349304 48 ) (-540 220.349304 49 ) 
4 163 239 (-538 0 48 ) (-531 0 48 ) (-531 0 49 ) (-538 0 49 ) 
4 163 164 (-538 0 49 ) (-538 55 49 ) (-538 55 48 ) (-538 0 48 ) 
4 164 240 (-540 0 48 ) (-538 0 48 ) (-538 0 49 ) (-540 0 49 ) 
4 164 168 (-540 55 48 ) (-540 0 48 ) (-540 0 49 ) (-540 55 49 ) 
4 165 253 (-555 0 206.696014 ) (-555 0 65 ) (-544 0 65 ) (-544 0 206.696014 ) 
4 165 238 (-544 0 65 ) (-540 0 65 ) (-540 0 195.696014 ) (-544 0 195.696014 ) 
4 165 232 (-540 0 195.696014 ) (-540 0 206.696014 ) (-543 0 206.696014 ) (-543 0 195.696014 ) 
4 165 235 (-543 0 206.696014 ) (-544 0 206.696014 ) (-544 0 195.696014 ) (-543 0 195.696014 ) 
4 165 171 (-555 0 65 ) (-555 0 206.696014 ) (-555 218.309265 206.696014 ) (-555 218.309265 65 ) 
4 165 167 (-542.123291 214.001465 65 ) (-555 218.309952 65 ) (-555 218.309952 206.696014 ) (-542.121460 214 206.696014 ) 
4 165 166 (-540 213.291016 206.696014 ) (-540 213.291016 65 ) (-542.123291 214.001465 65 ) (-542.121460 214 206.696014 ) 
4 166 167 (-540 220.349304 206.696014 ) (-540 220.355469 65 ) (-542.124146 214.001663 65 ) (-542.122314 214.001038 206.696014 ) 
4 167 173 (-555 218.309265 206.696014 ) (-555 223 206.696014 ) (-555 223 65 ) (-555 218.309265 65 ) 
4 168 254 (-555 0 49 ) (-555 0 48 ) (-544 0 48 ) (-544 0 49 ) 
4 168 240 (-544 0 48 ) (-540 0 48 ) (-540 0 49 ) (-544 0 49 ) 
4 168 171 (-555 218.309265 48 ) (-555 0 48 ) (-555 0 49 ) (-555 218.309265 49 ) 
4 168 170 (-555 218.310196 48 ) (-555 218.310196 49 ) (-542.123535 214.001572 49 ) (-542.123535 214.001572 48 ) 
4 168 169 (-542.123535 214.001572 49 ) (-540 213.291016 49 ) (-540 213.291016 48 ) (-542.123535 214.001572 48 ) 
4 169 170 (-542.124329 214.001740 48 ) (-542.124329 214.001740 49 ) (-540 220.351837 49 ) (-540 220.351883 48 ) 
4 170 173 (-555 223 48 ) (-555 218.309265 48 ) (-555 218.309265 49 ) (-555 223 49 ) 
4 171 255 (-555 0 224 ) (-568 0 224 ) (-568 0 48 ) (-555 0 48 ) 
4 171 194 (-562 0 48 ) (-568 0 48 ) (-568 222.659027 48 ) (-562 220.651443 48 ) 
4 171 174 (-568 222.659012 48 ) (-568 0 48 ) (-568 0 224 ) (-568 222.659012 224 ) 
4 171 173 (-555 218.310471 224 ) (-555 218.310471 48 ) (-568 222.660156 48 ) (-568 222.660156 224 ) 
4 172 181 (-568 236.955460 65 ) (-568 236.962585 203 ) (-565.047363 236 203 ) (-565.069336 236 65 ) 
4 172 178 (-568 236.962585 203 ) (-568 236.963058 212.014008 ) (-565.045959 236 212.014008 ) (-565.047363 236 203 ) 
4 172 176 (-568 236.963058 212.014008 ) (-568 236.963684 224 ) (-565.044067 236 224 ) (-565.045959 236 212.014008 ) 
4 172 175 (-568 236.964722 224 ) (-568 236.955612 48 ) (-568 236 48 ) (-568 236 224 ) 
4 172 173 (-568 236 224 ) (-568 236 48 ) (-565.073181 236 48 ) (-565.045227 236 224 ) 
4 173 194 (-568 222.659027 48 ) (-568 223.118805 48 ) (-562 221.092606 48 ) (-562 220.651443 48 ) 
4 173 182 (-555 232.724350 203 ) (-555 232.717224 65 ) (-565.069336 236 65 ) (-565.047363 236 203 ) 
4 173 179 (-555 232.724823 212.014008 ) (-555 232.724350 203 ) (-565.047363 236 203 ) (-565.045959 236 212.014008 ) 
4 173 177 (-555 232.725449 224 ) (-555 232.724823 212.014008 ) (-565.045959 236 212.014008 ) (-565.044067 236 224 ) 
4 173 175 (-568 236 48 ) (-568 222.659012 48 ) (-568 222.659012 224 ) (-568 236 224 ) 
4 174 256 (-568 0 224 ) (-834 0 224 ) (-834 0 48 ) (-568 0 48 ) 
4 174 196 (-568 0 48 ) (-834 0 48 ) (-834 311.661591 48 ) (-568 222.659012 48 ) 
4 174 188 (-834 311.661621 48 ) (-834 0 48 ) (-834 0 224 ) (-834 311.661591 224 ) 
4 174 175 (-568 222.660156 224 ) (-568 222.660156 48 ) (-834 311.662781 48 ) (-834 311.662781 224 ) 
4 175 196 (-834 311.661591 48 ) (-834 312.947021 48 ) (-568 223.118805 48 ) (-568 222.659012 48 ) 
4 175 192 (-834 322 48 ) (-834 311.661621 48 ) (-834 311.661621 65 ) (-834 322 65 ) 
4 175 190 (-834 311.661621 65 ) (-834 311.661591 224 ) (-834 322 224 ) (-834 322 65 ) 
4 175 187 (-706.166077 282 65 ) (-706.142700 282 212.014008 ) (-675 271.846924 212.014008 ) (-675 271.839325 65 ) 
4 175 183 (-828.858826 322 65 ) (-828.835510 322 212.014008 ) (-706.142700 282 212.014008 ) (-706.166077 282 65 ) 
4 175 181 (-675 271.839325 65 ) (-675 271.846466 203 ) (-568 236.962585 203 ) (-568 236.955460 65 ) 
4 175 178 (-675 271.846466 203 ) (-675 271.846924 212.014008 ) (-568 236.963058 212.014008 ) (-568 236.962585 203 ) 
4 175 176 (-828.835510 322 212.014008 ) (-828.833618 322 224 ) (-568 236.963684 224 ) (-568 236.963058 212.014008 ) 
3 176 187 (-675 271.846802 212.014008 ) (-706.143005 282 212.014008 ) (-675 282 212.014008 ) 
5 176 183 (-706.143005 282 212.014008 ) (-828.835510 322 212.014008 ) (-790.327148 322 212.014008 ) (-692 289.943909 212.014008 ) (-692 282 212.014008 ) 
5 176 178 (-565.046631 236 212.014008 ) (-675 271.846802 212.014008 ) (-675 284.401642 212.014008 ) (-555 245.279861 212.014008 ) (-555 236 212.014008 ) 
4 176 177 (-565.044983 236 224 ) (-565.046875 236 212.014008 ) (-555 236 212.014008 ) (-555 236 224 ) 
3 177 179 (-555 232.724609 212.014008 ) (-565.046631 236 212.014008 ) (-555 236 212.014008 ) 
4 178 187 (-675 271.843292 203 ) (-675 271.843750 212.014008 ) (-675 282 212.014008 ) (-675 282 203 ) 
5 178 181 (-565.058411 236 203 ) (-675 271.843750 203 ) (-675 284.401062 203 ) (-555 245.279282 203 ) (-555 236 203 ) 
4 178 179 (-565.048889 236 203 ) (-555 236 203 ) (-555 236 212.014008 ) (-565.047485 236 212.014008 ) 
3 179 182 (-555 232.720703 203 ) (-565.058411 236 203 ) (-555 236 203 ) 
4 180 181 (-675 285.875000 65 ) (-555 245.723846 65 ) (-555 245.721954 203 ) (-675 285.873047 203 ) 
4 181 187 (-675 271.836151 65 ) (-675 271.843292 203 ) (-675 282 203 ) (-675 282 65 ) 
4 181 182 (-565.070801 236 65 ) (-555 236 65 ) (-555 236 203 ) (-565.048889 236 203 ) 
4 183 187 (-692 282 212.014008 ) (-706.143860 282 212.014008 ) (-706.167175 282 65 ) (-692 282 65 ) 
4 183 186 (-692 289.933899 65 ) (-790.357788 322 65 ) (-790.333618 322 203 ) (-692 289.942627 203 ) 
4 184 185 (-692 304.789063 65 ) (-692 302 65 ) (-692 302 203 ) (-692 304.770050 203 ) 
4 185 186 (-782.971191 322 65 ) (-692 291.561646 65 ) (-692 291.560547 203 ) (-782.974609 322 203 ) 
4 188 256 (-834 0 224 ) (-953.130737 0 224 ) (-953.196716 0 48 ) (-834 0 48 ) 
5 188 196 (-834 0 48 ) (-864 0 48 ) (-864 259.485321 48 ) (-844.820190 315.282013 48 ) (-834 311.661621 48 ) 
3 188 199 (-864 0 48 ) (-953.196655 0 48 ) (-864 259.485321 48 ) 
4 188 192 (-834 311.663086 65 ) (-834 311.663086 48 ) (-838.004395 313.002930 48 ) (-838.003967 313.002808 65 ) 
4 188 191 (-838.004395 313.002930 48 ) (-844.819702 315.283325 48 ) (-844.813965 315.281403 65 ) (-838.003967 313.002808 65 ) 
4 188 190 (-834 311.663086 224 ) (-834 311.663086 65 ) (-838.003967 313.002808 65 ) (-838 313.001587 224 ) 
4 188 189 (-838.003967 313.002808 65 ) (-844.813965 315.281403 65 ) (-844.760559 315.263519 224 ) (-838 313.001587 224 ) 
4 189 191 (-838.005432 312.998413 65 ) (-844.815552 315.277039 65 ) (-841.129517 326 65 ) (-834.389343 323.802765 65 ) 
4 189 190 (-838 313.002686 224 ) (-838.003906 313.003906 65 ) (-834 324.967102 65 ) (-834 324.954956 224 ) 
4 190 192 (-834 311.658203 65 ) (-838.005432 312.998413 65 ) (-834.389343 323.802734 65 ) (-834 323.675812 65 ) 
4 191 196 (-844.820190 315.282013 48 ) (-844.413940 316.463806 48 ) (-837.614563 314.167664 48 ) (-838.004822 313.001617 48 ) 
4 191 192 (-834.390747 323.800690 48 ) (-834.390076 323.801361 65 ) (-838.004639 313.001526 65 ) (-838.005005 313.001648 48 ) 
4 192 196 (-834 312.947021 48 ) (-834 311.661621 48 ) (-838.004822 313.001617 48 ) (-837.614563 314.167664 48 ) 
4 193 201 (-1024 362 48 ) (-1024 388 48 ) (-1024 388 46 ) (-1024 362 46 ) 
4 193 199 (-864 362 46 ) (-864 362 48 ) (-1024 362 48 ) (-1024 362 46 ) 
4 194 341 (-562 0 48 ) (-568 0 48 ) (-568 0 46 ) (-562 0 46 ) 
4 194 196 (-568 0 46 ) (-568 0 48 ) (-568 223.118805 48 ) (-568 223.118805 46 ) 
4 194 195 (-568 0 46 ) (-568 223.117188 46 ) (-562 221.091797 46 ) (-562 0 46 ) 
4 195 342 (-568 0 46 ) (-568 0 40 ) (-562 0 40 ) (-562 0 46 ) 
4 195 196 (-568 223.118805 40 ) (-568 0 40 ) (-568 0 46 ) (-568 223.118805 46 ) 
4 196 343 (-568 0 48 ) (-864 0 48 ) (-864 0 40 ) (-568 0 40 ) 
4 196 198 (-735 0 40 ) (-864 0 40 ) (-864 323.078003 40 ) (-735 279.514709 40 ) 
4 196 199 (-864 323.077972 40 ) (-864 0 40 ) (-864 0 48 ) (-864 323.078003 48 ) 
4 197 344 (-735 0 22 ) (-735 0 16 ) (-624 0 16 ) (-624 0 22 ) 
4 197 200 (-624 242.030014 16 ) (-624 0 16 ) (-735 0 16 ) (-735 279.514740 16 ) 
4 197 198 (-735 279.514709 16 ) (-735 0 16 ) (-735 0 22 ) (-735 279.514740 22 ) 
4 198 345 (-735 0 40 ) (-864 0 40 ) (-864 0 16 ) (-735 0 16 ) 
4 198 200 (-735 279.514709 16 ) (-735 0 16 ) (-864 0 16 ) (-864 323.078033 16 ) 
4 198 199 (-864 323.078003 16 ) (-864 0 16 ) (-864 0 40 ) (-864 323.078033 40 ) 
4 199 345 (-1024 0 40 ) (-1024 0 16 ) (-864 0 16 ) (-864 0 40 ) 
4 199 343 (-864 0 48 ) (-1024 0 48 ) (-1024 0 40 ) (-864 0 40 ) 
4 199 202 (-1024 0 16 ) (-1024 0 48 ) (-1024 362 48 ) (-1024 362 16 ) 
4 199 200 (-1024 0 16 ) (-1024 362 16 ) (-864 362 16 ) (-864 0 16 ) 
4 200 346 (-624 0 16 ) (-1024 0 16 ) (-1024 0 -392 ) (-624 0 -392 ) 
4 200 202 (-1024 0 -392 ) (-1024 0 16 ) (-1024 362 16 ) (-1024 362 -392 ) 
4 201 202 (-1074 362 242 ) (-1074 362 46 ) (-1024 362 46 ) (-1024 362 242 ) 
4 202 368 (-1024 0 -392 ) (-1024 0 48 ) (-1074 0 48 ) (-1074 0 -392 ) 
4 202 348 (-1024 0 48 ) (-1024 0 224 ) (-1074 0 224 ) (-1074 0 48 ) 
4 202 347 (-1024 0 224 ) (-1024 0 242 ) (-1074 0 242 ) (-1074 0 224 ) 
4 203 347 (-1024 0 242 ) (-1024 0 224 ) (-1024 -354 224 ) (-1024 -354 242 ) 
4 203 263 (-1024 -354 224 ) (-1024 -349 224 ) (-674 -349 224 ) (-674 -354 224 ) 
4 203 256 (-1024 -349 224 ) (-1024 0 224 ) (-674 0 224 ) (-674 -349 224 ) 
4 205 206 (-14 -136 48 ) (-14 -276 48 ) (-14 -276 224 ) (-14 -136 224 ) 
4 206 211 (-137 -276 48 ) (-102 -276 48 ) (-102 -276 159 ) (-137 -276 159 ) 
4 206 208 (-137 -123 48 ) (-137 -134 48 ) (-137 -134 49 ) (-137 -123 49 ) 
4 206 207 (-137 0 48 ) (-137 -123 48 ) (-137 -123 224 ) (-137 0 224 ) 
4 206 209 (-137 -134 48 ) (-137 -276 48 ) (-137 -276 224 ) (-137 -134 224 ) 
4 207 208 (-147 -123 49 ) (-147 -123 48 ) (-137 -123 48 ) (-137 -123 49 ) 
4 207 210 (-147 0 48 ) (-147 -123 48 ) (-147 -123 224 ) (-147 0 224 ) 
4 208 210 (-147 -123 48 ) (-147 -134 48 ) (-147 -134 49 ) (-147 -123 49 ) 
4 208 209 (-147 -134 49 ) (-147 -134 48 ) (-137 -134 48 ) (-137 -134 49 ) 
4 209 211 (-147 -276 48 ) (-137 -276 48 ) (-137 -276 159 ) (-147 -276 159 ) 
4 209 210 (-147 -134 48 ) (-147 -276 48 ) (-147 -276 224 ) (-147 -134 224 ) 
4 210 214 (-294 0 48 ) (-294 -276 48 ) (-294 -276 209.308014 ) (-294 0 209.308014 ) 
4 210 211 (-162 -276 48 ) (-147 -276 48 ) (-147 -276 159 ) (-162 -276 159 ) 
4 211 213 (-162 -284 48 ) (-102 -284 48 ) (-102 -284 159 ) (-162 -284 159 ) 
4 214 216 (-296 0 48 ) (-296 -276 48 ) (-296 -276 209.308014 ) (-296 0 209.308014 ) 
4 215 218 (-296 -358 48 ) (-294 -358 48 ) (-294 -358 209.308014 ) (-296 -358 209.308014 ) 
4 215 216 (-296 -284 48 ) (-296 -358 48 ) (-296 -358 209.308014 ) (-296 -284 209.308014 ) 
4 216 219 (-322 -358 48 ) (-297 -358 48 ) (-297 -358 209.308014 ) (-322 -358 209.308014 ) 
4 216 218 (-297 -358 48 ) (-296 -358 48 ) (-296 -358 209.308014 ) (-297 -358 209.308014 ) 
4 216 217 (-322 0 48 ) (-322 -358 48 ) (-322 -358 209.308014 ) (-322 0 209.308014 ) 
4 217 224 (-453 -358 193 ) (-453 -358 194 ) (-453 0 194 ) (-453 0 193 ) 
4 217 223 (-453 -358 194 ) (-453 -358 203 ) (-453 0 203 ) (-453 0 194 ) 
4 217 225 (-453 0 48 ) (-453 -358 48 ) (-453 -358 193 ) (-453 0 193 ) 
4 217 222 (-453 -358 203 ) (-453 -358 224 ) (-453 0 224 ) (-453 0 203 ) 
4 217 219 (-453 -358 224 ) (-453 -358 48 ) (-322 -358 48 ) (-322 -358 224 ) 
4 218 340 (-297 -997 48 ) (-294 -997 48 ) (-294 -997 224 ) (-297 -997 224 ) 
4 218 220 (-297 -365.484009 48 ) (-297 -385 48 ) (-297 -385 203 ) (-297 -365.484009 203 ) 
4 218 219 (-297 -358 224 ) (-297 -358 48 ) (-297 -365.484009 48 ) (-297 -365.484009 224 ) 
4 218 221 (-297 -385 48 ) (-297 -997 48 ) (-297 -997 224 ) (-297 -385 224 ) 
4 219 224 (-453 -365.484009 193 ) (-453 -365.484009 194 ) (-453 -358 194 ) (-453 -358 193 ) 
4 219 223 (-453 -365.484009 194 ) (-453 -365.484009 203 ) (-453 -358 203 ) (-453 -358 194 ) 
4 219 225 (-453 -358 48 ) (-453 -365.484009 48 ) (-453 -365.484009 193 ) (-453 -358 193 ) 
4 219 222 (-453 -365.484009 203 ) (-453 -365.484009 224 ) (-453 -358 224 ) (-453 -358 203 ) 
4 219 220 (-453 -365.484009 203 ) (-453 -365.484009 48 ) (-297 -365.484009 48 ) (-297 -365.484009 203 ) 
4 220 322 (-453 -385 193 ) (-453 -385 194 ) (-453 -379 194 ) (-453 -379 193 ) 
4 220 321 (-453 -385 194 ) (-453 -385 203 ) (-453 -379 203 ) (-453 -379 194 ) 
4 220 323 (-453 -379 48 ) (-453 -385 48 ) (-453 -385 193 ) (-453 -379 193 ) 
4 220 224 (-453 -379 193 ) (-453 -379 194 ) (-453 -365.484009 194 ) (-453 -365.484009 193 ) 
4 220 223 (-453 -379 194 ) (-453 -379 203 ) (-453 -365.484009 203 ) (-453 -365.484009 194 ) 
4 220 225 (-453 -365.484009 48 ) (-453 -379 48 ) (-453 -379 193 ) (-453 -365.484009 193 ) 
4 220 221 (-453 -385 203 ) (-453 -385 48 ) (-297 -385 48 ) (-297 -385 203 ) 
4 221 340 (-453 -997 48 ) (-297 -997 48 ) (-297 -997 224 ) (-453 -997 224 ) 
4 221 331 (-453 -802 193 ) (-453 -802 194 ) (-453 -782 194 ) (-453 -782 193 ) 
4 221 330 (-453 -802 194 ) (-453 -802 203 ) (-453 -782 203 ) (-453 -782 194 ) 
4 221 332 (-453 -782 48 ) (-453 -802 48 ) (-453 -802 193 ) (-453 -782 193 ) 
4 221 333 (-453 -802 48 ) (-453 -997 48 ) (-453 -997 203 ) (-453 -802 203 ) 
4 221 328 (-453 -782 193 ) (-453 -782 194 ) (-453 -659 194 ) (-453 -659 193 ) 
4 221 327 (-453 -782 194 ) (-453 -782 203 ) (-453 -659 203 ) (-453 -659 194 ) 
4 221 329 (-453 -659 48 ) (-453 -782 48 ) (-453 -782 193 ) (-453 -659 193 ) 
4 221 322 (-453 -659 193 ) (-453 -659 194 ) (-453 -385 194 ) (-453 -385 193 ) 
4 221 321 (-453 -659 194 ) (-453 -659 203 ) (-453 -385 203 ) (-453 -385 194 ) 
4 221 323 (-453 -385 48 ) (-453 -659 48 ) (-453 -659 193 ) (-453 -385 193 ) 
4 221 319 (-453 -997 203 ) (-453 -997 224 ) (-453 -385 224 ) (-453 -385 203 ) 
4 222 223 (-474 0 203 ) (-453 0 203 ) (-453 -365.484009 203 ) (-474 -365.484009 203 ) 
4 222 226 (-517 -365.484009 203 ) (-517 0 203 ) (-474 0 203 ) (-474 -365.484009 203 ) 
4 223 321 (-453 -379 194 ) (-453 -379 203 ) (-474 -379 203 ) (-474 -379 194 ) 
4 223 226 (-474 -379 194 ) (-474 -379 203 ) (-474 0 203 ) (-474 0 194 ) 
4 223 224 (-453 -379 194 ) (-474 -379 194 ) (-474 0 194 ) (-453 0 194 ) 
4 224 322 (-453 -379 193 ) (-453 -379 194 ) (-474 -379 194 ) (-474 -379 193 ) 
4 224 225 (-453 -379 193 ) (-474 -379 193 ) (-474 0 193 ) (-453 0 193 ) 
4 224 226 (-474 -379 193 ) (-474 -379 194 ) (-474 0 194 ) (-474 0 193 ) 
4 225 323 (-474 -379 48 ) (-453 -379 48 ) (-453 -379 193 ) (-474 -379 193 ) 
4 225 226 (-474 0 48 ) (-474 -379 48 ) (-474 -379 193 ) (-474 0 193 ) 
4 226 324 (-517 -379 48 ) (-474 -379 48 ) (-474 -379 203 ) (-517 -379 203 ) 
4 226 258 (-517 -365.484009 48 ) (-517 -379 48 ) (-517 -379 203 ) (-517 -365.484009 203 ) 
4 226 257 (-517 -349 48 ) (-517 -365.484009 48 ) (-517 -365.484009 203 ) (-517 -349 203 ) 
4 226 227 (-517 0 48 ) (-517 -349 48 ) (-517 -349 203 ) (-517 0 203 ) 
4 227 257 (-526 -349 48 ) (-517 -349 48 ) (-517 -349 203 ) (-526 -349 203 ) 
4 227 230 (-526 -218 48 ) (-526 -349 48 ) (-526 -349 203 ) (-526 -218 203 ) 
4 227 229 (-526 0 48 ) (-526 -198 48 ) (-526 -198 203 ) (-526 0 203 ) 
4 228 262 (-538 -349 224 ) (-544 -349 224 ) (-544 -349 220 ) (-538 -349 220 ) 
4 228 253 (-544 -349 220 ) (-544 -349 224 ) (-544 0 224 ) (-544 0 220 ) 
4 228 234 (-538 -218 220 ) (-538 -349 220 ) (-543 -349 220 ) (-543 -218 220 ) 
4 228 232 (-543 0 220 ) (-538 0 220 ) (-538 -198 220 ) (-543 -198 220 ) 
4 228 235 (-544 -349 220 ) (-544 0 220 ) (-543 0 220 ) (-543 -349 220 ) 
4 229 241 (-527 -76 48 ) (-527 -198 48 ) (-527 -198 195.696014 ) (-527 -76 195.696014 ) 
4 229 236 (-527 0 48 ) (-527 -56 48 ) (-527 -56 195.696014 ) (-527 0 195.696014 ) 
4 229 231 (-527 -198 195.696014 ) (-527 -198 203 ) (-527 0 203 ) (-527 0 195.696014 ) 
4 230 257 (-527 -349 48 ) (-526 -349 48 ) (-526 -349 203 ) (-527 -349 203 ) 
4 230 242 (-527 -218 48 ) (-527 -349 48 ) (-527 -349 195.696014 ) (-527 -218 195.696014 ) 
4 230 233 (-527 -349 195.696014 ) (-527 -349 203 ) (-527 -218 203 ) (-527 -218 195.696014 ) 
4 231 243 (-531 -198 195.696014 ) (-538 -198 195.696014 ) (-538 -76 195.696014 ) (-531 -76 195.696014 ) 
4 231 241 (-527 -76 195.696014 ) (-527 -198 195.696014 ) (-531 -198 195.696014 ) (-531 -76 195.696014 ) 
4 231 237 (-538 0 195.696014 ) (-531 0 195.696014 ) (-531 -56 195.696014 ) (-538 -56 195.696014 ) 
4 231 236 (-531 0 195.696014 ) (-527 0 195.696014 ) (-527 -56 195.696014 ) (-531 -56 195.696014 ) 
4 231 232 (-538 0 195.696014 ) (-538 -198 195.696014 ) (-538 -198 203 ) (-538 0 203 ) 
4 232 244 (-538 -76 195.696014 ) (-538 -198 195.696014 ) (-543 -198 195.696014 ) (-543 -76 195.696014 ) 
4 232 238 (-543 0 195.696014 ) (-538 0 195.696014 ) (-538 -56 195.696014 ) (-543 -56 195.696014 ) 
4 232 235 (-543 0 195.696014 ) (-543 -198 195.696014 ) (-543 -198 220 ) (-543 0 220 ) 
4 233 261 (-531 -349 203 ) (-538 -349 203 ) (-538 -349 195.696014 ) (-531 -349 195.696014 ) 
4 233 259 (-527 -349 195.696014 ) (-527 -349 203 ) (-531 -349 203 ) (-531 -349 195.696014 ) 
4 233 245 (-531 -349 195.696014 ) (-538 -349 195.696014 ) (-538 -218 195.696014 ) (-531 -218 195.696014 ) 
4 233 242 (-527 -218 195.696014 ) (-527 -349 195.696014 ) (-531 -349 195.696014 ) (-531 -218 195.696014 ) 
4 233 234 (-538 -218 203 ) (-538 -218 195.696014 ) (-538 -349 195.696014 ) (-538 -349 203 ) 
4 234 262 (-538 -349 220 ) (-543 -349 220 ) (-543 -349 195.696014 ) (-538 -349 195.696014 ) 
4 234 246 (-538 -349 195.696014 ) (-543 -349 195.696014 ) (-543 -218 195.696014 ) (-538 -218 195.696014 ) 
4 234 235 (-543 -218 195.696014 ) (-543 -349 195.696014 ) (-543 -349 220 ) (-543 -218 220 ) 
4 235 262 (-543 -349 220 ) (-544 -349 220 ) (-544 -349 195.696014 ) (-543 -349 195.696014 ) 
4 235 253 (-544 -349 195.696014 ) (-544 -349 220 ) (-544 0 220 ) (-544 0 195.696014 ) 
4 235 251 (-544 -349 195.696014 ) (-544 -76 195.696014 ) (-543 -76 195.696014 ) (-543 -349 195.696014 ) 
4 235 238 (-544 -56 195.696014 ) (-544 0 195.696014 ) (-543 0 195.696014 ) (-543 -56 195.696014 ) 
4 236 239 (-531 0 48 ) (-531 -56 48 ) (-531 -56 49 ) (-531 0 49 ) 
4 236 237 (-531 -56 65 ) (-531 -56 195.696014 ) (-531 0 195.696014 ) (-531 0 65 ) 
4 237 238 (-538 0 65 ) (-538 -56 65 ) (-538 -56 195.696014 ) (-538 0 195.696014 ) 
4 238 253 (-544 -56 195.696014 ) (-544 0 195.696014 ) (-544 0 65 ) (-544 -56 65 ) 
4 239 240 (-538 0 48 ) (-538 -56 48 ) (-538 -56 49 ) (-538 0 49 ) 
4 240 254 (-544 0 48 ) (-544 -56 48 ) (-544 -56 49 ) (-544 0 49 ) 
4 241 247 (-531 -76 49 ) (-531 -76 48 ) (-531 -198 48 ) (-531 -198 49 ) 
4 241 243 (-531 -76 195.696014 ) (-531 -76 65 ) (-531 -198 65 ) (-531 -198 195.696014 ) 
4 242 259 (-531 -349 48 ) (-527 -349 48 ) (-527 -349 195.696014 ) (-531 -349 195.696014 ) 
4 242 249 (-531 -218 48 ) (-531 -349 48 ) (-531 -349 49 ) (-531 -218 49 ) 
4 242 245 (-531 -349 65 ) (-531 -349 195.696014 ) (-531 -218 195.696014 ) (-531 -218 65 ) 
4 243 244 (-538 -76 195.696014 ) (-538 -76 65 ) (-538 -198 65 ) (-538 -198 195.696014 ) 
4 244 251 (-543 -76 195.696014 ) (-543 -76 65 ) (-543 -198 65 ) (-543 -198 195.696014 ) 
4 245 261 (-531 -349 65 ) (-531 -349 195.696014 ) (-538 -349 195.696014 ) (-538 -349 65 ) 
4 245 246 (-538 -218 195.696014 ) (-538 -218 65 ) (-538 -349 65 ) (-538 -349 195.696014 ) 
4 246 262 (-538 -349 195.696014 ) (-543 -349 195.696014 ) (-543 -349 65 ) (-538 -349 65 ) 
4 246 251 (-543 -349 65 ) (-543 -349 195.696014 ) (-543 -218 195.696014 ) (-543 -218 65 ) 
4 247 248 (-538 -198 48 ) (-538 -198 49 ) (-538 -76 49 ) (-538 -76 48 ) 
4 248 252 (-543 -76 49 ) (-543 -76 48 ) (-543 -198 48 ) (-543 -198 49 ) 
4 249 264 (-538 -349 48 ) (-531 -349 48 ) (-531 -349 49 ) (-538 -349 49 ) 
4 249 250 (-538 -218 49 ) (-538 -218 48 ) (-538 -349 48 ) (-538 -349 49 ) 
4 250 265 (-543 -349 48 ) (-538 -349 48 ) (-538 -349 49 ) (-543 -349 49 ) 
4 250 252 (-543 -218 48 ) (-543 -349 48 ) (-543 -349 49 ) (-543 -218 49 ) 
4 251 262 (-543 -349 65 ) (-543 -349 195.696014 ) (-544 -349 195.696014 ) (-544 -349 65 ) 
4 251 253 (-544 -349 65 ) (-544 -349 195.696014 ) (-544 -76 195.696014 ) (-544 -76 65 ) 
4 252 265 (-544 -349 48 ) (-543 -349 48 ) (-543 -349 49 ) (-544 -349 49 ) 
4 252 254 (-544 -76 48 ) (-544 -349 48 ) (-544 -349 49 ) (-544 -76 49 ) 
4 253 262 (-544 -349 65 ) (-544 -349 224 ) (-555 -349 224 ) (-555 -349 65 ) 
4 253 255 (-555 -349 65 ) (-555 -349 224 ) (-555 0 224 ) (-555 0 65 ) 
4 254 265 (-555 -349 48 ) (-544 -349 48 ) (-544 -349 49 ) (-555 -349 49 ) 
4 254 255 (-555 0 48 ) (-555 -349 48 ) (-555 -349 49 ) (-555 0 49 ) 
4 255 341 (-568 0 48 ) (-562 0 48 ) (-562 -349 48 ) (-568 -349 48 ) 
4 255 265 (-568 -349 48 ) (-555 -349 48 ) (-555 -349 49 ) (-568 -349 49 ) 
4 255 262 (-555 -349 65 ) (-555 -349 224 ) (-568 -349 224 ) (-568 -349 65 ) 
4 255 256 (-568 0 48 ) (-568 -349 48 ) (-568 -349 224 ) (-568 0 224 ) 
4 256 348 (-1024 0 224 ) (-1024 0 48 ) (-1024 -349 48 ) (-1024 -349 224 ) 
4 256 343 (-1024 -349 48 ) (-1024 0 48 ) (-568 0 48 ) (-568 -349 48 ) 
4 256 266 (-1024 -349 48 ) (-568 -349 48 ) (-568 -349 49 ) (-1024 -349 49 ) 
4 256 263 (-568 -349 65 ) (-568 -349 224 ) (-1024 -349 224 ) (-1024 -349 65 ) 
4 257 259 (-527 -349 203 ) (-527 -349 48 ) (-527 -354 48 ) (-527 -354 203 ) 
4 257 258 (-527 -365.484009 203 ) (-527 -365.484009 48 ) (-517 -365.484009 48 ) (-517 -365.484009 203 ) 
4 258 324 (-527 -379 48 ) (-517 -379 48 ) (-517 -379 203 ) (-527 -379 203 ) 
4 258 260 (-527 -374 48 ) (-527 -379 48 ) (-527 -379 203 ) (-527 -374 203 ) 
4 259 264 (-531 -349 49 ) (-531 -349 48 ) (-531 -354 48 ) (-531 -354 49 ) 
4 259 261 (-531 -349 203 ) (-531 -349 65 ) (-531 -354 65 ) (-531 -354 203 ) 
4 260 324 (-531 -379 48 ) (-527 -379 48 ) (-527 -379 203 ) (-531 -379 203 ) 
4 260 281 (-531 -374 48 ) (-531 -379 48 ) (-531 -379 203 ) (-531 -374 203 ) 
4 261 262 (-538 -349 203 ) (-538 -349 65 ) (-538 -354 65 ) (-538 -354 203 ) 
4 262 274 (-568 -354 203 ) (-568 -354 65 ) (-544 -354 65 ) (-544 -354 203 ) 
4 262 272 (-568 -354 222 ) (-568 -354 203 ) (-557 -354 203 ) (-557 -354 222 ) 
4 262 267 (-538 -354 224 ) (-544 -354 224 ) (-544 -354 215 ) (-538 -354 215 ) 
4 262 268 (-544 -354 224 ) (-557 -354 224 ) (-557 -354 203 ) (-544 -354 203 ) 
4 262 263 (-568 -349 224 ) (-568 -349 65 ) (-568 -354 65 ) (-568 -354 224 ) 
4 263 349 (-1024 -354 65 ) (-1024 -354 224 ) (-1024 -349 224 ) (-1024 -349 65 ) 
4 263 282 (-1024 -354 222 ) (-1024 -354 65 ) (-568 -354 65 ) (-568 -354 222 ) 
4 264 265 (-538 -354 48 ) (-538 -354 49 ) (-538 -349 49 ) (-538 -349 48 ) 
4 265 341 (-568 -349 48 ) (-562 -349 48 ) (-562 -354 48 ) (-568 -354 48 ) 
4 265 275 (-568 -354 48 ) (-544 -354 48 ) (-544 -354 49 ) (-568 -354 49 ) 
4 265 266 (-568 -354 48 ) (-568 -354 49 ) (-568 -349 49 ) (-568 -349 48 ) 
4 266 350 (-1024 -349 48 ) (-1024 -354 48 ) (-1024 -354 49 ) (-1024 -349 49 ) 
4 266 343 (-1024 -354 48 ) (-1024 -349 48 ) (-568 -349 48 ) (-568 -354 48 ) 
4 266 283 (-1024 -354 48 ) (-568 -354 48 ) (-568 -354 49 ) (-1024 -354 49 ) 
4 267 270 (-540 -358 224 ) (-544 -358 224 ) (-544 -358 215 ) (-540 -358 215 ) 
4 267 269 (-538 -358 215 ) (-538 -358 224 ) (-540 -358 224 ) (-540 -358 215 ) 
4 267 268 (-544 -354 224 ) (-544 -354 215 ) (-544 -358 215 ) (-544 -358 224 ) 
4 268 274 (-557 -358 203 ) (-557 -354 203 ) (-544 -354 203 ) (-544 -358 203 ) 
4 268 272 (-557 -354 222 ) (-557 -354 203 ) (-557 -358 203 ) (-557 -358 222 ) 
4 268 271 (-557 -358 224 ) (-557 -358 203 ) (-544 -358 203 ) (-544 -358 224 ) 
4 269 270 (-540 -358 224 ) (-540 -358 215 ) (-540 -365.484009 215 ) (-540 -365.484009 224 ) 
4 270 271 (-544 -358 224 ) (-544 -358 215 ) (-544 -365.484009 215 ) (-544 -365.484009 224 ) 
4 271 276 (-557 -365.484009 203 ) (-557 -358 203 ) (-544 -358 203 ) (-544 -365.484009 203 ) 
4 271 273 (-557 -358 203 ) (-557 -365.484009 203 ) (-557 -365.484009 222 ) (-557 -358 222 ) 
4 272 282 (-568 -354 222 ) (-568 -354 203 ) (-568 -358 203 ) (-568 -358 222 ) 
4 272 274 (-568 -358 203 ) (-568 -354 203 ) (-557 -354 203 ) (-557 -358 203 ) 
4 272 273 (-568 -358 222 ) (-568 -358 203 ) (-557 -358 203 ) (-557 -358 222 ) 
4 273 286 (-568 -359 203 ) (-568 -365.484009 203 ) (-568 -365.484009 222 ) (-568 -359 222 ) 
4 273 284 (-568 -358 203 ) (-568 -359 203 ) (-568 -359 222 ) (-568 -358 222 ) 
4 273 276 (-568 -365.484009 203 ) (-568 -358 203 ) (-557 -358 203 ) (-557 -365.484009 203 ) 
4 274 282 (-568 -354 203 ) (-568 -354 65 ) (-568 -358 65 ) (-568 -358 203 ) 
4 274 276 (-544 -358 203 ) (-568 -358 203 ) (-568 -358 65 ) (-544 -358 65 ) 
4 275 341 (-568 -354 48 ) (-562 -354 48 ) (-562 -356.696014 48 ) (-568 -356.696014 48 ) 
4 275 283 (-568 -354 49 ) (-568 -354 48 ) (-568 -358 48 ) (-568 -358 49 ) 
4 275 278 (-568 -358 49 ) (-568 -358 48 ) (-544 -358 48 ) (-544 -358 49 ) 
4 276 290 (-568 -366 203 ) (-568 -359 203 ) (-568 -359 65 ) (-568 -366 65 ) 
4 276 284 (-568 -359 203 ) (-568 -358 203 ) (-568 -358 65 ) (-568 -359 65 ) 
4 276 277 (-568 -366 65 ) (-544 -366 65 ) (-544 -366 203 ) (-568 -366 203 ) 
4 277 291 (-568 -369 65 ) (-568 -369 203 ) (-568 -366 203 ) (-568 -366 65 ) 
4 277 280 (-544 -369 203 ) (-568 -369 203 ) (-568 -369 65 ) (-544 -369 65 ) 
4 278 315 (-568 -359 48 ) (-568 -366 48 ) (-568 -366 49 ) (-568 -359 49 ) 
4 278 314 (-568 -358 48 ) (-568 -359 48 ) (-568 -359 49 ) (-568 -358 49 ) 
4 278 279 (-544 -366 48 ) (-544 -366 49 ) (-568 -366 49 ) (-568 -366 48 ) 
4 279 316 (-568 -366 48 ) (-568 -369 48 ) (-568 -369 49 ) (-568 -366 49 ) 
4 279 280 (-568 -369 49 ) (-568 -369 48 ) (-544 -369 48 ) (-544 -369 49 ) 
4 280 316 (-568 -369 48 ) (-568 -374 48 ) (-568 -374 49 ) (-568 -369 49 ) 
4 280 312 (-568 -374 49 ) (-568 -374 50.304405 ) (-568 -369 50.304405 ) (-568 -369 49 ) 
4 280 294 (-568 -374 50.304405 ) (-568 -374 203 ) (-568 -369 203 ) (-568 -369 50.304405 ) 
4 280 281 (-568 -374 203 ) (-568 -374 48 ) (-544 -374 48 ) (-544 -374 203 ) 
4 281 324 (-568 -379 48 ) (-531 -379 48 ) (-531 -379 203 ) (-568 -379 203 ) 
4 281 316 (-568 -374 48 ) (-568 -379 48 ) (-568 -379 49 ) (-568 -374 49 ) 
4 281 312 (-568 -379 49 ) (-568 -379 50.304405 ) (-568 -374 50.304405 ) (-568 -374 49 ) 
4 281 294 (-568 -379 50.304405 ) (-568 -379 203 ) (-568 -374 203 ) (-568 -374 50.304405 ) 
4 282 352 (-1024 -358 65 ) (-1024 -358 222 ) (-1024 -357 222 ) (-1024 -357 65 ) 
4 282 351 (-1024 -357 222 ) (-1024 -354 222 ) (-1024 -354 65 ) (-1024 -357 65 ) 
4 282 285 (-935 -358 222 ) (-1024 -358 222 ) (-1024 -358 65 ) (-935 -358 65 ) 
4 282 284 (-568 -358 65 ) (-568 -358 222 ) (-918 -358 222 ) (-918 -358 65 ) 
4 283 363 (-1024 -354 48 ) (-1024 -358 48 ) (-1024 -358 49 ) (-1024 -354 49 ) 
4 283 343 (-1024 -356.696014 48 ) (-1024 -354 48 ) (-568 -354 48 ) (-568 -356.696014 48 ) 
4 283 314 (-1024 -358 48 ) (-568 -358 48 ) (-568 -358 49 ) (-1024 -358 49 ) 
4 284 301 (-918 -359 203 ) (-918 -359 65 ) (-801 -359 65 ) (-801 -359 203 ) 
4 284 299 (-801 -359 222 ) (-918 -359 222 ) (-918 -359 203 ) (-801 -359 203 ) 
4 284 297 (-784 -359 65 ) (-704 -359 65 ) (-704 -359 203 ) (-784 -359 203 ) 
4 284 296 (-704 -359 222 ) (-784 -359 222 ) (-784 -359 203 ) (-704 -359 203 ) 
4 284 292 (-697 -359 203 ) (-704 -359 203 ) (-704 -359 65 ) (-697 -359 65 ) 
4 284 290 (-568 -359 65 ) (-568 -359 203 ) (-680 -359 203 ) (-680 -359 65 ) 
4 284 288 (-704 -359 220 ) (-704 -359 203 ) (-697 -359 203 ) (-697 -359 220 ) 
4 284 287 (-680 -359 222 ) (-704 -359 222 ) (-704 -359 220 ) (-680 -359 220 ) 
4 284 286 (-568 -359 203 ) (-568 -359 222 ) (-680 -359 222 ) (-680 -359 203 ) 
4 285 355 (-1024 -358 203 ) (-1024 -358 65 ) (-1024 -359 65 ) (-1024 -359 203 ) 
4 285 354 (-1024 -358 222 ) (-1024 -358 203 ) (-1024 -359 203 ) (-1024 -359 222 ) 
4 285 303 (-1024 -359 203 ) (-1024 -359 65 ) (-935 -359 65 ) (-935 -359 203 ) 
4 285 300 (-935 -359 222 ) (-1024 -359 222 ) (-1024 -359 203 ) (-935 -359 203 ) 
4 286 290 (-680 -359 203 ) (-568 -359 203 ) (-568 -365.484009 203 ) (-680 -365.484009 203 ) 
4 286 289 (-680 -365.484009 220 ) (-680 -365.484009 222 ) (-680 -361 222 ) (-680 -361 220 ) 
4 286 287 (-680 -359 222 ) (-680 -359 220 ) (-680 -361 220 ) (-680 -361 222 ) 
4 287 296 (-704 -359 222 ) (-704 -359 220 ) (-704 -361 220 ) (-704 -361 222 ) 
4 287 289 (-684 -361 220 ) (-680 -361 220 ) (-680 -361 222 ) (-684 -361 222 ) 
4 287 288 (-697 -361 220 ) (-704 -361 220 ) (-704 -359 220 ) (-697 -359 220 ) 
4 288 296 (-704 -359 220 ) (-704 -359 203 ) (-704 -361 203 ) (-704 -361 220 ) 
4 288 292 (-704 -361 203 ) (-704 -359 203 ) (-697 -359 203 ) (-697 -361 203 ) 
4 290 291 (-680 -366 203 ) (-680 -366 65 ) (-568 -366 65 ) (-568 -366 203 ) 
4 291 294 (-568 -369 203 ) (-680 -369 203 ) (-680 -369 65 ) (-568 -369 65 ) 
4 292 297 (-704 -359 203 ) (-704 -359 65 ) (-704 -366 65 ) (-704 -366 203 ) 
4 292 293 (-704 -366 65 ) (-697 -366 65 ) (-697 -366 203 ) (-704 -366 203 ) 
4 293 298 (-704 -366 65 ) (-704 -369 65 ) (-704 -369 203 ) (-704 -366 203 ) 
4 293 295 (-697 -369 203 ) (-704 -369 203 ) (-704 -369 65 ) (-697 -369 65 ) 
4 294 324 (-568 -379 50.304405 ) (-568 -379 203 ) (-680 -379 203 ) (-680 -379 50.304405 ) 
4 294 312 (-568 -369 50.304405 ) (-568 -379 50.304405 ) (-680 -379 50.304405 ) (-680 -369 50.304405 ) 
4 295 325 (-697 -379 203 ) (-704 -379 203 ) (-704 -379 50.304405 ) (-697 -379 50.304405 ) 
4 295 313 (-697 -379 50.304405 ) (-704 -379 50.304405 ) (-704 -369 50.304405 ) (-697 -369 50.304405 ) 
4 295 310 (-704 -378 50.304405 ) (-704 -379 50.304405 ) (-704 -379 203 ) (-704 -378 203 ) 
4 295 308 (-704 -369 50.304405 ) (-704 -378 50.304405 ) (-704 -378 53.304302 ) (-704 -369 53.304302 ) 
4 295 305 (-704 -378 53.304302 ) (-704 -378 65 ) (-704 -369 65 ) (-704 -369 53.304302 ) 
4 295 298 (-704 -378 65 ) (-704 -378 203 ) (-704 -369 203 ) (-704 -369 65 ) 
4 296 297 (-784 -365.484009 203 ) (-784 -359 203 ) (-704 -359 203 ) (-704 -365.484009 203 ) 
4 297 298 (-784 -366 203 ) (-784 -366 65 ) (-704 -366 65 ) (-704 -366 203 ) 
4 298 310 (-704 -378 65 ) (-704 -378 203 ) (-784 -378 203 ) (-784 -378 65 ) 
4 298 305 (-704 -378 65 ) (-784 -378 65 ) (-784 -369 65 ) (-704 -369 65 ) 
4 299 301 (-918 -359 203 ) (-801 -359 203 ) (-801 -365.484009 203 ) (-918 -365.484009 203 ) 
4 300 354 (-1024 -359 222 ) (-1024 -359 203 ) (-1024 -365.484009 203 ) (-1024 -365.484009 222 ) 
4 300 303 (-1024 -359 203 ) (-935 -359 203 ) (-935 -365.484009 203 ) (-1024 -365.484009 203 ) 
4 301 302 (-918 -366 203 ) (-918 -366 65 ) (-801 -366 65 ) (-801 -366 203 ) 
4 302 311 (-918 -378 65 ) (-801 -378 65 ) (-801 -378 203 ) (-918 -378 203 ) 
4 302 306 (-801 -378 65 ) (-918 -378 65 ) (-918 -369 65 ) (-801 -369 65 ) 
4 303 355 (-1024 -359 203 ) (-1024 -359 65 ) (-1024 -366 65 ) (-1024 -366 203 ) 
4 303 304 (-1024 -366 65 ) (-935 -366 65 ) (-935 -366 203 ) (-1024 -366 203 ) 
4 304 366 (-1024 -377 65 ) (-1024 -378 65 ) (-1024 -378 203 ) (-1024 -377 203 ) 
4 304 360 (-1024 -369 65 ) (-1024 -377 65 ) (-1024 -377 203 ) (-1024 -369 203 ) 
4 304 356 (-1024 -366 65 ) (-1024 -369 65 ) (-1024 -369 203 ) (-1024 -366 203 ) 
4 304 311 (-1024 -378 203 ) (-1024 -378 65 ) (-935 -378 65 ) (-935 -378 203 ) 
4 304 307 (-935 -378 65 ) (-1024 -378 65 ) (-1024 -369 65 ) (-935 -369 65 ) 
4 305 310 (-704 -378 53.304302 ) (-704 -378 65 ) (-784 -378 65 ) (-784 -378 53.304302 ) 
4 305 308 (-704 -378 53.304302 ) (-784 -378 53.304302 ) (-784 -369 53.304302 ) (-704 -369 53.304302 ) 
4 306 311 (-801 -378 65 ) (-918 -378 65 ) (-918 -378 53.304302 ) (-801 -378 53.304302 ) 
4 306 309 (-801 -378 53.304302 ) (-918 -378 53.304302 ) (-918 -369 53.304302 ) (-801 -369 53.304302 ) 
4 307 366 (-1024 -377 53.304302 ) (-1024 -378 53.304302 ) (-1024 -378 65 ) (-1024 -377 65 ) 
4 307 360 (-1024 -369 53.304302 ) (-1024 -377 53.304302 ) (-1024 -377 65 ) (-1024 -369 65 ) 
4 307 311 (-935 -378 65 ) (-1024 -378 65 ) (-1024 -378 53.304302 ) (-935 -378 53.304302 ) 
4 307 309 (-935 -378 53.304302 ) (-1024 -378 53.304302 ) (-1024 -369 53.304302 ) (-935 -369 53.304302 ) 
4 308 313 (-704 -369 50.304405 ) (-704 -378 50.304405 ) (-784 -378 50.304405 ) (-784 -369 50.304405 ) 
4 308 310 (-784 -378 50.304405 ) (-704 -378 50.304405 ) (-704 -378 53.304302 ) (-784 -378 53.304302 ) 
4 309 366 (-1024 -377 50.304405 ) (-1024 -378 50.304405 ) (-1024 -378 53.304302 ) (-1024 -377 53.304302 ) 
4 309 360 (-1024 -369 50.304405 ) (-1024 -377 50.304405 ) (-1024 -377 53.304302 ) (-1024 -369 53.304302 ) 
4 309 313 (-801 -369 50.304405 ) (-801 -378 50.304405 ) (-1024 -378 50.304405 ) (-1024 -369 50.304405 ) 
4 309 311 (-1024 -378 50.304405 ) (-801 -378 50.304405 ) (-801 -378 53.304302 ) (-1024 -378 53.304302 ) 
4 310 326 (-784 -379 203 ) (-784 -379 50.304405 ) (-704 -379 50.304405 ) (-704 -379 203 ) 
4 310 313 (-704 -378 50.304405 ) (-704 -379 50.304405 ) (-784 -379 50.304405 ) (-784 -378 50.304405 ) 
4 311 366 (-1024 -379 50.304405 ) (-1024 -379 203 ) (-1024 -378 203 ) (-1024 -378 50.304405 ) 
4 311 326 (-996 -379 50.304405 ) (-801 -379 50.304405 ) (-801 -379 203 ) (-996 -379 203 ) 
4 311 339 (-1024 -379 203 ) (-1024 -379 50.304405 ) (-996 -379 50.304405 ) (-996 -379 203 ) 
4 311 313 (-801 -379 50.304405 ) (-1024 -379 50.304405 ) (-1024 -378 50.304405 ) (-801 -378 50.304405 ) 
4 312 324 (-568 -379 49 ) (-568 -379 50.304405 ) (-680 -379 50.304405 ) (-680 -379 49 ) 
4 312 316 (-568 -369 49 ) (-568 -379 49 ) (-680 -379 49 ) (-680 -369 49 ) 
4 313 366 (-1024 -379 49 ) (-1024 -379 50.304405 ) (-1024 -377 50.304405 ) (-1024 -377 49 ) 
4 313 362 (-1024 -377 50.304405 ) (-1024 -369 50.304405 ) (-1024 -369 49 ) (-1024 -377 49 ) 
4 313 325 (-697 -379 50.304405 ) (-704 -379 50.304405 ) (-704 -379 49 ) (-697 -379 49 ) 
4 313 326 (-704 -379 50.304405 ) (-996 -379 50.304405 ) (-996 -379 49 ) (-704 -379 49 ) 
4 313 339 (-996 -379 50.304405 ) (-1024 -379 50.304405 ) (-1024 -379 49 ) (-996 -379 49 ) 
4 313 318 (-697 -379 49 ) (-1024 -379 49 ) (-1024 -369 49 ) (-697 -369 49 ) 
4 314 364 (-1024 -358 48 ) (-1024 -359 48 ) (-1024 -359 49 ) (-1024 -358 49 ) 
4 314 317 (-1024 -359 48 ) (-697 -359 48 ) (-697 -359 49 ) (-1024 -359 49 ) 
4 314 315 (-680 -359 48 ) (-568 -359 48 ) (-568 -359 49 ) (-680 -359 49 ) 
4 315 316 (-680 -366 49 ) (-680 -366 48 ) (-568 -366 48 ) (-568 -366 49 ) 
4 316 324 (-680 -379 48 ) (-568 -379 48 ) (-568 -379 49 ) (-680 -379 49 ) 
4 317 364 (-1024 -359 48 ) (-1024 -366 48 ) (-1024 -366 49 ) (-1024 -359 49 ) 
4 317 318 (-1024 -366 48 ) (-697 -366 48 ) (-697 -366 49 ) (-1024 -366 49 ) 
4 318 366 (-1024 -377 48 ) (-1024 -379 48 ) (-1024 -379 49 ) (-1024 -377 49 ) 
4 318 365 (-1024 -366 48 ) (-1024 -377 48 ) (-1024 -377 49 ) (-1024 -366 49 ) 
4 318 325 (-704 -379 48 ) (-697 -379 48 ) (-697 -379 49 ) (-704 -379 49 ) 
4 318 326 (-996 -379 48 ) (-704 -379 48 ) (-704 -379 49 ) (-996 -379 49 ) 
4 318 339 (-1024 -379 48 ) (-996 -379 48 ) (-996 -379 49 ) (-1024 -379 49 ) 
4 319 340 (-453 -997 203 ) (-453 -997 224 ) (-684 -997 224 ) (-684 -997 203 ) 
4 319 335 (-684 -802 203 ) (-684 -782 203 ) (-474 -782 203 ) (-474 -802 203 ) 
4 319 334 (-684 -782 203 ) (-684 -659 203 ) (-474 -659 203 ) (-474 -782 203 ) 
4 319 338 (-474 -997 203 ) (-684 -997 203 ) (-684 -802 203 ) (-474 -802 203 ) 
4 319 330 (-453 -782 203 ) (-453 -802 203 ) (-474 -802 203 ) (-474 -782 203 ) 
4 319 333 (-453 -802 203 ) (-453 -997 203 ) (-474 -997 203 ) (-474 -802 203 ) 
4 319 327 (-453 -659 203 ) (-453 -782 203 ) (-474 -782 203 ) (-474 -659 203 ) 
4 319 324 (-474 -659 203 ) (-684 -659 203 ) (-684 -385 203 ) (-474 -385 203 ) 
4 319 321 (-453 -385 203 ) (-453 -659 203 ) (-474 -659 203 ) (-474 -385 203 ) 
4 320 367 (-1024 -997 203 ) (-1024 -997 224 ) (-1024 -385 224 ) (-1024 -385 203 ) 
4 320 340 (-704 -997 224 ) (-1024 -997 224 ) (-1024 -997 203 ) (-704 -997 203 ) 
4 320 335 (-704 -782 203 ) (-704 -802 203 ) (-996 -802 203 ) (-996 -782 203 ) 
4 320 334 (-704 -659 203 ) (-704 -782 203 ) (-996 -782 203 ) (-996 -659 203 ) 
4 320 338 (-704 -802 203 ) (-704 -997 203 ) (-996 -997 203 ) (-996 -802 203 ) 
4 320 326 (-704 -385 203 ) (-704 -659 203 ) (-996 -659 203 ) (-996 -385 203 ) 
4 320 339 (-996 -997 203 ) (-1024 -997 203 ) (-1024 -385 203 ) (-996 -385 203 ) 
4 321 327 (-453 -659 194 ) (-453 -659 203 ) (-474 -659 203 ) (-474 -659 194 ) 
4 321 324 (-474 -659 194 ) (-474 -659 203 ) (-474 -379 203 ) (-474 -379 194 ) 
4 321 322 (-453 -659 194 ) (-474 -659 194 ) (-474 -379 194 ) (-453 -379 194 ) 
4 322 328 (-453 -659 193 ) (-453 -659 194 ) (-474 -659 194 ) (-474 -659 193 ) 
4 322 324 (-474 -659 193 ) (-474 -659 194 ) (-474 -379 194 ) (-474 -379 193 ) 
4 322 323 (-453 -659 193 ) (-474 -659 193 ) (-474 -379 193 ) (-453 -379 193 ) 
4 323 329 (-474 -659 48 ) (-453 -659 48 ) (-453 -659 193 ) (-474 -659 193 ) 
4 323 324 (-474 -659 48 ) (-474 -659 193 ) (-474 -379 193 ) (-474 -379 48 ) 
4 324 334 (-684 -659 48 ) (-474 -659 48 ) (-474 -659 203 ) (-684 -659 203 ) 
4 324 325 (-684 -635 203 ) (-684 -379 203 ) (-684 -379 48 ) (-684 -635 48 ) 
4 325 326 (-704 -635 203 ) (-704 -379 203 ) (-704 -379 48 ) (-704 -635 48 ) 
4 326 334 (-996 -659 203 ) (-996 -659 48 ) (-704 -659 48 ) (-704 -659 203 ) 
4 326 339 (-996 -659 203 ) (-996 -379 203 ) (-996 -379 48 ) (-996 -659 48 ) 
4 327 334 (-474 -659 203 ) (-474 -659 194 ) (-474 -782 194 ) (-474 -782 203 ) 
4 327 330 (-474 -782 203 ) (-474 -782 194 ) (-453 -782 194 ) (-453 -782 203 ) 
4 327 328 (-453 -782 194 ) (-474 -782 194 ) (-474 -659 194 ) (-453 -659 194 ) 
4 328 334 (-474 -659 194 ) (-474 -659 193 ) (-474 -782 193 ) (-474 -782 194 ) 
4 328 331 (-474 -782 194 ) (-474 -782 193 ) (-453 -782 193 ) (-453 -782 194 ) 
4 328 329 (-453 -782 193 ) (-474 -782 193 ) (-474 -659 193 ) (-453 -659 193 ) 
4 329 334 (-474 -659 193 ) (-474 -659 48 ) (-474 -782 48 ) (-474 -782 193 ) 
4 329 332 (-474 -782 193 ) (-474 -782 48 ) (-453 -782 48 ) (-453 -782 193 ) 
4 330 335 (-474 -802 194 ) (-474 -802 203 ) (-474 -782 203 ) (-474 -782 194 ) 
4 330 333 (-474 -802 203 ) (-474 -802 194 ) (-453 -802 194 ) (-453 -802 203 ) 
4 330 331 (-453 -802 194 ) (-474 -802 194 ) (-474 -782 194 ) (-453 -782 194 ) 
4 331 336 (-474 -802 193 ) (-474 -802 194 ) (-474 -782 194 ) (-474 -782 193 ) 
4 331 332 (-453 -802 193 ) (-474 -802 193 ) (-474 -782 193 ) (-453 -782 193 ) 
4 331 333 (-474 -802 194 ) (-474 -802 193 ) (-453 -802 193 ) (-453 -802 194 ) 
4 332 337 (-474 -782 48 ) (-474 -802 48 ) (-474 -802 193 ) (-474 -782 193 ) 
4 332 333 (-474 -802 193 ) (-474 -802 48 ) (-453 -802 48 ) (-453 -802 193 ) 
4 333 340 (-474 -997 48 ) (-453 -997 48 ) (-453 -997 203 ) (-474 -997 203 ) 
4 333 338 (-474 -802 48 ) (-474 -997 48 ) (-474 -997 203 ) (-474 -802 203 ) 
4 334 336 (-996 -782 194 ) (-996 -782 193 ) (-474 -782 193 ) (-474 -782 194 ) 
4 334 335 (-996 -782 203 ) (-996 -782 194 ) (-474 -782 194 ) (-474 -782 203 ) 
4 334 337 (-996 -782 193 ) (-996 -782 48 ) (-474 -782 48 ) (-474 -782 193 ) 
4 334 339 (-996 -782 203 ) (-996 -659 203 ) (-996 -659 48 ) (-996 -782 48 ) 
4 335 338 (-996 -802 203 ) (-996 -802 194 ) (-474 -802 194 ) (-474 -802 203 ) 
4 335 339 (-996 -802 203 ) (-996 -782 203 ) (-996 -782 194 ) (-996 -802 194 ) 
4 335 336 (-474 -802 194 ) (-996 -802 194 ) (-996 -782 194 ) (-474 -782 194 ) 
4 336 337 (-474 -802 193 ) (-996 -802 193 ) (-996 -782 193 ) (-474 -782 193 ) 
4 336 338 (-996 -802 194 ) (-996 -802 193 ) (-474 -802 193 ) (-474 -802 194 ) 
4 336 339 (-996 -782 194 ) (-996 -782 193 ) (-996 -802 193 ) (-996 -802 194 ) 
4 337 339 (-996 -782 193 ) (-996 -782 48 ) (-996 -802 48 ) (-996 -802 193 ) 
4 337 338 (-996 -802 193 ) (-996 -802 48 ) (-474 -802 48 ) (-474 -802 193 ) 
4 338 340 (-996 -997 48 ) (-474 -997 48 ) (-474 -997 203 ) (-996 -997 203 ) 
4 338 339 (-996 -997 48 ) (-996 -997 203 ) (-996 -802 203 ) (-996 -802 48 ) 
4 339 367 (-1024 -385 48 ) (-1024 -997 48 ) (-1024 -997 203 ) (-1024 -385 203 ) 
4 339 366 (-1024 -379 48 ) (-1024 -385 48 ) (-1024 -385 203 ) (-1024 -379 203 ) 
4 339 340 (-1024 -997 48 ) (-996 -997 48 ) (-996 -997 203 ) (-1024 -997 203 ) 
4 340 367 (-1024 -997 48 ) (-1024 -997.218018 48 ) (-1024 -997.218018 224 ) (-1024 -997 224 ) 
4 341 343 (-568 -356.696014 46 ) (-568 -356.696014 48 ) (-568 0 48 ) (-568 0 46 ) 
4 341 342 (-562 -356.696014 46 ) (-568 -356.696014 46 ) (-568 0 46 ) (-562 0 46 ) 
4 342 343 (-568 0 40 ) (-568 -356.696014 40 ) (-568 -356.696014 46 ) (-568 0 46 ) 
4 343 368 (-1024 0 48 ) (-1024 0 40 ) (-1024 -356.696014 40 ) (-1024 -356.696014 48 ) 
4 343 345 (-1024 -356.696014 40 ) (-1024 0 40 ) (-735 0 40 ) (-735 -356.696014 40 ) 
4 344 346 (-735 0 16 ) (-624 0 16 ) (-624 -356.696014 16 ) (-735 -356.696014 16 ) 
4 344 345 (-735 0 16 ) (-735 -356.696014 16 ) (-735 -356.696014 22 ) (-735 0 22 ) 
4 345 368 (-1024 0 40 ) (-1024 0 16 ) (-1024 -356.696014 16 ) (-1024 -356.696014 40 ) 
4 345 346 (-1024 0 16 ) (-735 0 16 ) (-735 -356.696014 16 ) (-1024 -356.696014 16 ) 
4 346 369 (-1024 -356.696014 -392 ) (-1024 -362 -392 ) (-1024 -362 16 ) (-1024 -356.696014 16 ) 
4 346 368 (-1024 0 16 ) (-1024 0 -392 ) (-1024 -356.696014 -392 ) (-1024 -356.696014 16 ) 
4 347 349 (-1024 -349 224 ) (-1024 -354 224 ) (-1074 -354 224 ) (-1074 -349 224 ) 
4 347 348 (-1074 0 224 ) (-1024 0 224 ) (-1024 -349 224 ) (-1074 -349 224 ) 
4 348 368 (-1074 -349 48 ) (-1074 0 48 ) (-1024 0 48 ) (-1024 -349 48 ) 
4 348 349 (-1074 -349 224 ) (-1074 -349 65 ) (-1024 -349 65 ) (-1024 -349 224 ) 
4 348 350 (-1074 -349 49 ) (-1074 -349 48 ) (-1024 -349 48 ) (-1024 -349 49 ) 
4 349 351 (-1074 -354 222 ) (-1074 -354 65 ) (-1024 -354 65 ) (-1024 -354 222 ) 
4 350 368 (-1074 -354 48 ) (-1074 -349 48 ) (-1024 -349 48 ) (-1024 -354 48 ) 
4 350 363 (-1074 -354 49 ) (-1074 -354 48 ) (-1024 -354 48 ) (-1024 -354 49 ) 
4 351 353 (-1074 -357 222 ) (-1074 -357 65 ) (-1069 -357 65 ) (-1069 -357 222 ) 
4 351 352 (-1052 -357 65 ) (-1024 -357 65 ) (-1024 -357 222 ) (-1052 -357 222 ) 
4 352 355 (-1024 -358 65 ) (-1024 -358 203 ) (-1052 -358 203 ) (-1052 -358 65 ) 
4 352 354 (-1024 -358 203 ) (-1024 -358 222 ) (-1052 -358 222 ) (-1052 -358 203 ) 
4 353 358 (-1069 -358 65 ) (-1069 -358 203 ) (-1074 -358 203 ) (-1074 -358 65 ) 
4 353 357 (-1069 -358 203 ) (-1069 -358 222 ) (-1074 -358 222 ) (-1074 -358 203 ) 
4 354 355 (-1052 -365.484009 203 ) (-1052 -358 203 ) (-1024 -358 203 ) (-1024 -365.484009 203 ) 
4 355 356 (-1052 -366 203 ) (-1052 -366 65 ) (-1024 -366 65 ) (-1024 -366 203 ) 
4 356 360 (-1024 -369 65 ) (-1024 -369 203 ) (-1052 -369 203 ) (-1052 -369 65 ) 
4 357 358 (-1074 -358 203 ) (-1069 -358 203 ) (-1069 -365.484009 203 ) (-1074 -365.484009 203 ) 
4 358 359 (-1074 -366 65 ) (-1069 -366 65 ) (-1069 -366 203 ) (-1074 -366 203 ) 
4 359 361 (-1074 -369 203 ) (-1074 -369 65 ) (-1069 -369 65 ) (-1069 -369 203 ) 
4 360 366 (-1052 -377 50.304405 ) (-1024 -377 50.304405 ) (-1024 -377 203 ) (-1052 -377 203 ) 
4 360 362 (-1024 -377 50.304405 ) (-1052 -377 50.304405 ) (-1052 -369 50.304405 ) (-1024 -369 50.304405 ) 
4 361 366 (-1074 -377 203 ) (-1074 -377 50.304405 ) (-1069 -377 50.304405 ) (-1069 -377 203 ) 
4 361 362 (-1069 -377 50.304405 ) (-1074 -377 50.304405 ) (-1074 -369 50.304405 ) (-1069 -369 50.304405 ) 
4 362 366 (-1074 -377 50.304405 ) (-1074 -377 49 ) (-1024 -377 49 ) (-1024 -377 50.304405 ) 
4 362 365 (-1024 -377 49 ) (-1074 -377 49 ) (-1074 -369 49 ) (-1024 -369 49 ) 
4 363 368 (-1074 -356.696014 48 ) (-1074 -354 48 ) (-1024 -354 48 ) (-1024 -356.696014 48 ) 
4 363 364 (-1024 -358 49 ) (-1074 -358 49 ) (-1074 -358 48 ) (-1024 -358 48 ) 
4 364 365 (-1024 -366 49 ) (-1074 -366 49 ) (-1074 -366 48 ) (-1024 -366 48 ) 
4 365 366 (-1074 -377 49 ) (-1074 -377 48 ) (-1024 -377 48 ) (-1024 -377 49 ) 
4 366 367 (-1074 -385 203 ) (-1074 -385 48 ) (-1024 -385 48 ) (-1024 -385 203 ) 
4 368 369 (-1074 -356.696014 -392 ) (-1024 -356.696014 -392 ) (-1024 -356.696014 16 ) (-1074 -356.696014 16 ) 
